{"/home/travis/build/npmtest/node-npmtest-node-ipc/test.js":{"path":"/home/travis/build/npmtest/node-npmtest-node-ipc/test.js","s":{"1":2,"2":2,"3":2,"4":2,"5":2,"6":2,"7":2,"8":1,"9":2,"10":2,"11":1,"12":1,"13":1,"14":1,"15":2,"16":2,"17":2,"18":2,"19":1,"20":1,"21":2,"22":2,"23":2,"24":1,"25":1,"26":1,"27":1,"28":1,"29":1,"30":1,"31":1,"32":1,"33":1,"34":1,"35":1,"36":1,"37":2,"38":2,"39":1,"40":2,"41":2,"42":1,"43":2,"44":2,"45":1,"46":2,"47":2,"48":1,"49":1,"50":1,"51":1,"52":1},"b":{"1":[2,1,1,1],"2":[1,1,1,1],"3":[1,1],"4":[1,1],"5":[1,1],"6":[1,1],"7":[1,1],"8":[1,1],"9":[1,1,1],"10":[1,1],"11":[1,1],"12":[1,1],"13":[1,1],"14":[1,1],"15":[1,1],"16":[1,1]},"f":{"1":2,"2":2,"3":2,"4":2,"5":2,"6":1,"7":1,"8":2,"9":2,"10":2,"11":2,"12":1},"fnMap":{"1":{"name":"(anonymous_1)","line":12,"loc":{"start":{"line":12,"column":1},"end":{"line":12,"column":13}}},"2":{"name":"(anonymous_2)","line":19,"loc":{"start":{"line":19,"column":5},"end":{"line":19,"column":17}}},"3":{"name":"(anonymous_3)","line":23,"loc":{"start":{"line":23,"column":24},"end":{"line":23,"column":36}}},"4":{"name":"(anonymous_4)","line":61,"loc":{"start":{"line":61,"column":5},"end":{"line":61,"column":17}}},"5":{"name":"(anonymous_5)","line":82,"loc":{"start":{"line":82,"column":5},"end":{"line":82,"column":17}}},"6":{"name":"(anonymous_6)","line":102,"loc":{"start":{"line":102,"column":83},"end":{"line":105,"column":10}},"skip":true},"7":{"name":"(anonymous_7)","line":113,"loc":{"start":{"line":113,"column":77},"end":{"line":116,"column":10}},"skip":true},"8":{"name":"(anonymous_8)","line":129,"loc":{"start":{"line":129,"column":12},"end":{"line":129,"column":40}},"skip":true},"9":{"name":"(anonymous_9)","line":137,"loc":{"start":{"line":137,"column":77},"end":{"line":140,"column":10}},"skip":true},"10":{"name":"(anonymous_10)","line":148,"loc":{"start":{"line":148,"column":83},"end":{"line":151,"column":10}},"skip":true},"11":{"name":"(anonymous_11)","line":159,"loc":{"start":{"line":159,"column":79},"end":{"line":162,"column":10}},"skip":true},"12":{"name":"(anonymous_12)","line":170,"loc":{"start":{"line":170,"column":75},"end":{"line":173,"column":10}},"skip":true}},"statementMap":{"1":{"start":{"line":12,"column":0},"end":{"line":185,"column":5}},"2":{"start":{"line":14,"column":4},"end":{"line":14,"column":14}},"3":{"start":{"line":19,"column":4},"end":{"line":56,"column":9}},"4":{"start":{"line":21,"column":8},"end":{"line":21,"column":19}},"5":{"start":{"line":23,"column":8},"end":{"line":35,"column":13}},"6":{"start":{"line":24,"column":12},"end":{"line":34,"column":13}},"7":{"start":{"line":25,"column":16},"end":{"line":28,"column":30}},"8":{"start":{"line":30,"column":16},"end":{"line":33,"column":27}},"9":{"start":{"line":37,"column":8},"end":{"line":39,"column":21}},"10":{"start":{"line":40,"column":8},"end":{"line":53,"column":9}},"11":{"start":{"line":43,"column":12},"end":{"line":46,"column":14}},"12":{"start":{"line":47,"column":12},"end":{"line":47,"column":18}},"13":{"start":{"line":50,"column":12},"end":{"line":51,"column":46}},"14":{"start":{"line":52,"column":12},"end":{"line":52,"column":18}},"15":{"start":{"line":55,"column":8},"end":{"line":55,"column":35}},"16":{"start":{"line":61,"column":4},"end":{"line":63,"column":9}},"17":{"start":{"line":62,"column":8},"end":{"line":62,"column":15}},"18":{"start":{"line":64,"column":4},"end":{"line":77,"column":5}},"19":{"start":{"line":70,"column":8},"end":{"line":70,"column":14}},"20":{"start":{"line":76,"column":8},"end":{"line":76,"column":14}},"21":{"start":{"line":82,"column":4},"end":{"line":84,"column":9}},"22":{"start":{"line":83,"column":8},"end":{"line":83,"column":15}},"23":{"start":{"line":85,"column":4},"end":{"line":184,"column":5}},"24":{"start":{"line":92,"column":8},"end":{"line":94,"column":63}},"25":{"start":{"line":95,"column":8},"end":{"line":95,"column":14}},"26":{"start":{"line":102,"column":8},"end":{"line":111,"column":10},"skip":true},"27":{"start":{"line":109,"column":12},"end":{"line":109,"column":55},"skip":true},"28":{"start":{"line":110,"column":12},"end":{"line":110,"column":48},"skip":true},"29":{"start":{"line":113,"column":8},"end":{"line":126,"column":10},"skip":true},"30":{"start":{"line":120,"column":12},"end":{"line":120,"column":76},"skip":true},"31":{"start":{"line":121,"column":12},"end":{"line":121,"column":73},"skip":true},"32":{"start":{"line":122,"column":12},"end":{"line":122,"column":74},"skip":true},"33":{"start":{"line":123,"column":12},"end":{"line":123,"column":79},"skip":true},"34":{"start":{"line":124,"column":12},"end":{"line":124,"column":25},"skip":true},"35":{"start":{"line":125,"column":12},"end":{"line":125,"column":45},"skip":true},"36":{"start":{"line":128,"column":8},"end":{"line":135,"column":14},"skip":true},"37":{"start":{"line":133,"column":16},"end":{"line":133,"column":29},"skip":true},"38":{"start":{"line":134,"column":16},"end":{"line":134,"column":55},"skip":true},"39":{"start":{"line":137,"column":8},"end":{"line":146,"column":10},"skip":true},"40":{"start":{"line":144,"column":12},"end":{"line":144,"column":25},"skip":true},"41":{"start":{"line":145,"column":12},"end":{"line":145,"column":45},"skip":true},"42":{"start":{"line":148,"column":8},"end":{"line":157,"column":10},"skip":true},"43":{"start":{"line":155,"column":12},"end":{"line":155,"column":25},"skip":true},"44":{"start":{"line":156,"column":12},"end":{"line":156,"column":48},"skip":true},"45":{"start":{"line":159,"column":8},"end":{"line":168,"column":10},"skip":true},"46":{"start":{"line":166,"column":12},"end":{"line":166,"column":25},"skip":true},"47":{"start":{"line":167,"column":12},"end":{"line":167,"column":46},"skip":true},"48":{"start":{"line":170,"column":8},"end":{"line":179,"column":10},"skip":true},"49":{"start":{"line":177,"column":12},"end":{"line":177,"column":94},"skip":true},"50":{"start":{"line":178,"column":12},"end":{"line":178,"column":48},"skip":true},"51":{"start":{"line":182,"column":8},"end":{"line":182,"column":35},"skip":true},"52":{"start":{"line":183,"column":8},"end":{"line":183,"column":14},"skip":true}},"branchMap":{"1":{"line":25,"type":"binary-expr","locations":[{"start":{"line":25,"column":23},"end":{"line":25,"column":62}},{"start":{"line":26,"column":20},"end":{"line":26,"column":70}},{"start":{"line":27,"column":20},"end":{"line":27,"column":71}},{"start":{"line":28,"column":20},"end":{"line":28,"column":29}}]},"2":{"line":30,"type":"binary-expr","locations":[{"start":{"line":30,"column":23},"end":{"line":30,"column":37}},{"start":{"line":31,"column":20},"end":{"line":31,"column":61}},{"start":{"line":32,"column":20},"end":{"line":32,"column":70}},{"start":{"line":33,"column":20},"end":{"line":33,"column":26}}]},"3":{"line":37,"type":"cond-expr","locations":[{"start":{"line":38,"column":14},"end":{"line":38,"column":20}},{"start":{"line":39,"column":14},"end":{"line":39,"column":20}}]},"4":{"line":40,"type":"switch","locations":[{"start":{"line":42,"column":8},"end":{"line":47,"column":18}},{"start":{"line":49,"column":8},"end":{"line":52,"column":18}}]},"5":{"line":44,"type":"binary-expr","locations":[{"start":{"line":44,"column":16},"end":{"line":44,"column":44}},{"start":{"line":44,"column":48},"end":{"line":44,"column":66}}]},"6":{"line":50,"type":"binary-expr","locations":[{"start":{"line":50,"column":21},"end":{"line":50,"column":49}},{"start":{"line":50,"column":53},"end":{"line":50,"column":72}}]},"7":{"line":64,"type":"switch","locations":[{"start":{"line":69,"column":4},"end":{"line":70,"column":14}},{"start":{"line":75,"column":4},"end":{"line":76,"column":14}}]},"8":{"line":85,"type":"switch","locations":[{"start":{"line":90,"column":4},"end":{"line":95,"column":14}},{"start":{"line":101,"column":4},"end":{"line":183,"column":14},"skip":true}]},"9":{"line":92,"type":"binary-expr","locations":[{"start":{"line":92,"column":18},"end":{"line":92,"column":32}},{"start":{"line":93,"column":12},"end":{"line":93,"column":53}},{"start":{"line":94,"column":12},"end":{"line":94,"column":61}}]},"10":{"line":102,"type":"binary-expr","locations":[{"start":{"line":102,"column":45},"end":{"line":102,"column":79},"skip":true},{"start":{"line":102,"column":83},"end":{"line":111,"column":9},"skip":true}]},"11":{"line":113,"type":"binary-expr","locations":[{"start":{"line":113,"column":42},"end":{"line":113,"column":73},"skip":true},{"start":{"line":113,"column":77},"end":{"line":126,"column":9},"skip":true}]},"12":{"line":128,"type":"binary-expr","locations":[{"start":{"line":128,"column":48},"end":{"line":128,"column":85},"skip":true},{"start":{"line":129,"column":12},"end":{"line":135,"column":13},"skip":true}]},"13":{"line":137,"type":"binary-expr","locations":[{"start":{"line":137,"column":42},"end":{"line":137,"column":73},"skip":true},{"start":{"line":137,"column":77},"end":{"line":146,"column":9},"skip":true}]},"14":{"line":148,"type":"binary-expr","locations":[{"start":{"line":148,"column":45},"end":{"line":148,"column":79},"skip":true},{"start":{"line":148,"column":83},"end":{"line":157,"column":9},"skip":true}]},"15":{"line":159,"type":"binary-expr","locations":[{"start":{"line":159,"column":43},"end":{"line":159,"column":75},"skip":true},{"start":{"line":159,"column":79},"end":{"line":168,"column":9},"skip":true}]},"16":{"line":170,"type":"binary-expr","locations":[{"start":{"line":170,"column":41},"end":{"line":170,"column":71},"skip":true},{"start":{"line":170,"column":75},"end":{"line":179,"column":9},"skip":true}]}},"code":["/* istanbul instrument in package npmtest_node_ipc */","/*jslint","    bitwise: true,","    browser: true,","    maxerr: 8,","    maxlen: 96,","    node: true,","    nomen: true,","    regexp: true,","    stupid: true","*/","(function () {","    'use strict';","    var local;","","","","    // run shared js-env code - pre-init","    (function () {","        // init local","        local = {};","        // init modeJs","        local.modeJs = (function () {","            try {","                return typeof navigator.userAgent === 'string' &&","                    typeof document.querySelector('body') === 'object' &&","                    typeof XMLHttpRequest.prototype.open === 'function' &&","                    'browser';","            } catch (errorCaughtBrowser) {","                return module.exports &&","                    typeof process.versions.node === 'string' &&","                    typeof require('http').createServer === 'function' &&","                    'node';","            }","        }());","        // init global","        local.global = local.modeJs === 'browser'","            ? window","            : global;","        switch (local.modeJs) {","        // re-init local from window.local","        case 'browser':","            local = local.global.utility2.objectSetDefault(","                local.global.utility2_rollup || local.global.local,","                local.global.utility2","            );","            break;","        // re-init local from example.js","        case 'node':","            local = (local.global.utility2_rollup || require('utility2'))","                .requireExampleJsFromReadme();","            break;","        }","        // export local","        local.global.local = local;","    }());","","","","    // run shared js-env code - function","    (function () {","        return;","    }());","    switch (local.modeJs) {","","","","    // run browser js-env code - function","    case 'browser':","        break;","","","","    // run node js-env code - function","    case 'node':","        break;","    }","","","","    // run shared js-env code - post-init","    (function () {","        return;","    }());","    switch (local.modeJs) {","","","","    // run browser js-env code - post-init","    case 'browser':","        // run tests","        local.nop(local.modeTest &&","            document.querySelector('#testRunButton1') &&","            document.querySelector('#testRunButton1').click());","        break;","","","","    // run node js-env code - post-init","    /* istanbul ignore next */","    case 'node':","        local.testCase_buildApidoc_default = local.testCase_buildApidoc_default || function (","            options,","            onError","        ) {","        /*","         * this function will test buildApidoc's default handling-behavior-behavior","         */","            options = { modulePathList: module.paths };","            local.buildApidoc(options, onError);","        };","","        local.testCase_buildApp_default = local.testCase_buildApp_default || function (","            options,","            onError","        ) {","        /*","         * this function will test buildApp's default handling-behavior-behavior","         */","            local.testCase_buildReadme_default(options, local.onErrorThrow);","            local.testCase_buildLib_default(options, local.onErrorThrow);","            local.testCase_buildTest_default(options, local.onErrorThrow);","            local.testCase_buildCustomOrg_default(options, local.onErrorThrow);","            options = [];","            local.buildApp(options, onError);","        };","","        local.testCase_buildCustomOrg_default = local.testCase_buildCustomOrg_default ||","            function (options, onError) {","            /*","             * this function will test buildCustomOrg's default handling-behavior","             */","                options = {};","                local.buildCustomOrg(options, onError);","            };","","        local.testCase_buildLib_default = local.testCase_buildLib_default || function (","            options,","            onError","        ) {","        /*","         * this function will test buildLib's default handling-behavior","         */","            options = {};","            local.buildLib(options, onError);","        };","","        local.testCase_buildReadme_default = local.testCase_buildReadme_default || function (","            options,","            onError","        ) {","        /*","         * this function will test buildReadme's default handling-behavior-behavior","         */","            options = {};","            local.buildReadme(options, onError);","        };","","        local.testCase_buildTest_default = local.testCase_buildTest_default || function (","            options,","            onError","        ) {","        /*","         * this function will test buildTest's default handling-behavior","         */","            options = {};","            local.buildTest(options, onError);","        };","","        local.testCase_webpage_default = local.testCase_webpage_default || function (","            options,","            onError","        ) {","        /*","         * this function will test webpage's default handling-behavior","         */","            options = { modeCoverageMerge: true, url: local.serverLocalHost + '?modeTest=1' };","            local.browserTest(options, onError);","        };","","        // run test-server","        local.testRunServer(local);","        break;","    }","}());",""],"l":{"12":2,"14":2,"19":2,"21":2,"23":2,"24":2,"25":2,"30":1,"37":2,"40":2,"43":1,"47":1,"50":1,"52":1,"55":2,"61":2,"62":2,"64":2,"70":1,"76":1,"82":2,"83":2,"85":2,"92":1,"95":1,"102":1,"109":1,"110":1,"113":1,"120":1,"121":1,"122":1,"123":1,"124":1,"125":1,"128":1,"133":2,"134":2,"137":1,"144":2,"145":2,"148":1,"155":2,"156":2,"159":1,"166":2,"167":2,"170":1,"177":1,"178":1,"182":1,"183":1}},"/home/travis/build/npmtest/node-npmtest-node-ipc/lib.npmtest_node_ipc.js":{"path":"/home/travis/build/npmtest/node-npmtest-node-ipc/lib.npmtest_node_ipc.js","s":{"1":2,"2":2,"3":2,"4":2,"5":2,"6":2,"7":2,"8":1,"9":2,"10":2,"11":2,"12":2,"13":1,"14":1,"15":1,"16":1},"b":{"1":[2,1,1,1],"2":[1,1,1,1],"3":[1,1],"4":[2,2],"5":[1,1]},"f":{"1":2,"2":2,"3":2},"fnMap":{"1":{"name":"(anonymous_1)","line":12,"loc":{"start":{"line":12,"column":1},"end":{"line":12,"column":13}}},"2":{"name":"(anonymous_2)","line":19,"loc":{"start":{"line":19,"column":5},"end":{"line":19,"column":17}}},"3":{"name":"(anonymous_3)","line":23,"loc":{"start":{"line":23,"column":24},"end":{"line":23,"column":36}}}},"statementMap":{"1":{"start":{"line":12,"column":0},"end":{"line":53,"column":5}},"2":{"start":{"line":14,"column":4},"end":{"line":14,"column":14}},"3":{"start":{"line":19,"column":4},"end":{"line":52,"column":9}},"4":{"start":{"line":21,"column":8},"end":{"line":21,"column":19}},"5":{"start":{"line":23,"column":8},"end":{"line":35,"column":13}},"6":{"start":{"line":24,"column":12},"end":{"line":34,"column":13}},"7":{"start":{"line":25,"column":16},"end":{"line":28,"column":30}},"8":{"start":{"line":30,"column":16},"end":{"line":33,"column":27}},"9":{"start":{"line":37,"column":8},"end":{"line":39,"column":21}},"10":{"start":{"line":41,"column":8},"end":{"line":41,"column":54}},"11":{"start":{"line":43,"column":8},"end":{"line":43,"column":53}},"12":{"start":{"line":45,"column":8},"end":{"line":51,"column":9}},"13":{"start":{"line":46,"column":12},"end":{"line":46,"column":59}},"14":{"start":{"line":48,"column":12},"end":{"line":48,"column":35}},"15":{"start":{"line":49,"column":12},"end":{"line":49,"column":49}},"16":{"start":{"line":50,"column":12},"end":{"line":50,"column":43}}},"branchMap":{"1":{"line":25,"type":"binary-expr","locations":[{"start":{"line":25,"column":23},"end":{"line":25,"column":62}},{"start":{"line":26,"column":20},"end":{"line":26,"column":70}},{"start":{"line":27,"column":20},"end":{"line":27,"column":71}},{"start":{"line":28,"column":20},"end":{"line":28,"column":29}}]},"2":{"line":30,"type":"binary-expr","locations":[{"start":{"line":30,"column":23},"end":{"line":30,"column":37}},{"start":{"line":31,"column":20},"end":{"line":31,"column":61}},{"start":{"line":32,"column":20},"end":{"line":32,"column":70}},{"start":{"line":33,"column":20},"end":{"line":33,"column":26}}]},"3":{"line":37,"type":"cond-expr","locations":[{"start":{"line":38,"column":14},"end":{"line":38,"column":20}},{"start":{"line":39,"column":14},"end":{"line":39,"column":20}}]},"4":{"line":41,"type":"binary-expr","locations":[{"start":{"line":41,"column":16},"end":{"line":41,"column":44}},{"start":{"line":41,"column":48},"end":{"line":41,"column":53}}]},"5":{"line":45,"type":"if","locations":[{"start":{"line":45,"column":8},"end":{"line":45,"column":8}},{"start":{"line":45,"column":8},"end":{"line":45,"column":8}}]}},"code":["/* istanbul instrument in package npmtest_node_ipc */","/*jslint","    bitwise: true,","    browser: true,","    maxerr: 8,","    maxlen: 96,","    node: true,","    nomen: true,","    regexp: true,","    stupid: true","*/","(function () {","    'use strict';","    var local;","","","","    // run shared js-env code - pre-init","    (function () {","        // init local","        local = {};","        // init modeJs","        local.modeJs = (function () {","            try {","                return typeof navigator.userAgent === 'string' &&","                    typeof document.querySelector('body') === 'object' &&","                    typeof XMLHttpRequest.prototype.open === 'function' &&","                    'browser';","            } catch (errorCaughtBrowser) {","                return module.exports &&","                    typeof process.versions.node === 'string' &&","                    typeof require('http').createServer === 'function' &&","                    'node';","            }","        }());","        // init global","        local.global = local.modeJs === 'browser'","            ? window","            : global;","        // init utility2_rollup","        local = local.global.utility2_rollup || local;","        // init lib","        local.local = local.npmtest_node_ipc = local;","        // init exports","        if (local.modeJs === 'browser') {","            local.global.utility2_npmtest_node_ipc = local;","        } else {","            module.exports = local;","            module.exports.__dirname = __dirname;","            module.exports.module = module;","        }","    }());","}());",""],"l":{"12":2,"14":2,"19":2,"21":2,"23":2,"24":2,"25":2,"30":1,"37":2,"41":2,"43":2,"45":2,"46":1,"48":1,"49":1,"50":1}},"/home/travis/build/npmtest/node-npmtest-node-ipc/example.js":{"path":"/home/travis/build/npmtest/node-npmtest-node-ipc/example.js","s":{"1":2,"2":2,"3":2,"4":2,"5":2,"6":2,"7":2,"8":1,"9":2,"10":2,"11":2,"12":2,"13":1,"14":2,"15":2,"16":2,"17":2,"18":2,"19":0,"20":2,"21":1,"22":1,"23":1,"24":1,"25":1,"26":0,"27":0,"28":1,"29":1,"30":2,"31":0,"32":0,"33":0,"34":1,"35":2,"36":2,"37":2,"38":2,"39":2,"40":2,"41":0,"42":2,"43":2,"44":2,"45":1,"46":3,"47":1,"48":1,"49":1,"50":1,"51":1,"52":1,"53":1,"54":1,"55":1,"56":1,"57":0,"58":1,"59":6,"60":6,"61":1,"62":2,"63":0,"64":2,"65":1,"66":1,"67":0,"68":0,"69":0,"70":0,"71":0,"72":0,"73":0,"74":0,"75":0,"76":0,"77":0,"78":0,"79":0,"80":0,"81":0,"82":0,"83":0},"b":{"1":[2,1,1,1],"2":[1,1,1,1],"3":[1,1],"4":[2,2],"5":[1,1],"6":[1,1],"7":[2,0],"8":[2,1,1,1,1,1],"9":[0,2,0],"10":[1,1],"11":[2,1,1],"12":[1,0],"13":[0,2],"14":[2,0,0,0,0,0,0],"15":[0,2],"16":[2,0],"17":[1,1],"18":[0,1],"19":[1,2,0,2],"20":[1,0],"21":[1,1],"22":[0,0],"23":[0,0],"24":[0,0],"25":[0,0],"26":[0,0],"27":[0,0],"28":[0,0]},"f":{"1":2,"2":2,"3":2,"4":2,"5":2,"6":2,"7":2,"8":2,"9":3,"10":1,"11":6,"12":0},"fnMap":{"1":{"name":"(anonymous_1)","line":26,"loc":{"start":{"line":26,"column":1},"end":{"line":26,"column":13}}},"2":{"name":"(anonymous_2)","line":33,"loc":{"start":{"line":33,"column":5},"end":{"line":33,"column":17}}},"3":{"name":"(anonymous_3)","line":37,"loc":{"start":{"line":37,"column":24},"end":{"line":37,"column":36}}},"4":{"name":"(anonymous_4)","line":69,"loc":{"start":{"line":69,"column":31},"end":{"line":69,"column":48}},"skip":true},"5":{"name":"(anonymous_5)","line":78,"loc":{"start":{"line":78,"column":26},"end":{"line":78,"column":45}},"skip":true},"6":{"name":"(anonymous_6)","line":123,"loc":{"start":{"line":123,"column":33},"end":{"line":123,"column":48}},"skip":true},"7":{"name":"(anonymous_7)","line":125,"loc":{"start":{"line":125,"column":27},"end":{"line":125,"column":39}},"skip":true},"8":{"name":"(anonymous_8)","line":133,"loc":{"start":{"line":133,"column":59},"end":{"line":133,"column":74}},"skip":true},"9":{"name":"(anonymous_9)","line":143,"loc":{"start":{"line":143,"column":45},"end":{"line":143,"column":62}},"skip":true},"10":{"name":"(anonymous_10)","line":144,"loc":{"start":{"line":144,"column":73},"end":{"line":144,"column":92}},"skip":true},"11":{"name":"(anonymous_11)","line":272,"loc":{"start":{"line":272,"column":51},"end":{"line":272,"column":77}},"skip":true},"12":{"name":"(anonymous_12)","line":314,"loc":{"start":{"line":314,"column":32},"end":{"line":314,"column":61}},"skip":true}},"statementMap":{"1":{"start":{"line":26,"column":0},"end":{"line":325,"column":5}},"2":{"start":{"line":28,"column":4},"end":{"line":28,"column":14}},"3":{"start":{"line":33,"column":4},"end":{"line":60,"column":9}},"4":{"start":{"line":35,"column":8},"end":{"line":35,"column":19}},"5":{"start":{"line":37,"column":8},"end":{"line":49,"column":13}},"6":{"start":{"line":38,"column":12},"end":{"line":48,"column":13}},"7":{"start":{"line":39,"column":16},"end":{"line":42,"column":30}},"8":{"start":{"line":44,"column":16},"end":{"line":47,"column":27}},"9":{"start":{"line":51,"column":8},"end":{"line":53,"column":21}},"10":{"start":{"line":55,"column":8},"end":{"line":57,"column":45}},"11":{"start":{"line":59,"column":8},"end":{"line":59,"column":35}},"12":{"start":{"line":61,"column":4},"end":{"line":324,"column":5}},"13":{"start":{"line":69,"column":8},"end":{"line":121,"column":10},"skip":true},"14":{"start":{"line":70,"column":12},"end":{"line":88,"column":13},"skip":true},"15":{"start":{"line":76,"column":16},"end":{"line":87,"column":19},"skip":true},"16":{"start":{"line":79,"column":20},"end":{"line":86,"column":21},"skip":true},"17":{"start":{"line":82,"column":24},"end":{"line":82,"column":43},"skip":true},"18":{"start":{"line":83,"column":24},"end":{"line":83,"column":30},"skip":true},"19":{"start":{"line":85,"column":24},"end":{"line":85,"column":49},"skip":true},"20":{"start":{"line":89,"column":12},"end":{"line":107,"column":13},"skip":true},"21":{"start":{"line":92,"column":16},"end":{"line":102,"column":17},"skip":true},"22":{"start":{"line":93,"column":20},"end":{"line":93,"column":86},"skip":true},"23":{"start":{"line":94,"column":20},"end":{"line":95,"column":45},"skip":true},"24":{"start":{"line":96,"column":20},"end":{"line":96,"column":42},"skip":true},"25":{"start":{"line":97,"column":20},"end":{"line":97,"column":48},"skip":true},"26":{"start":{"line":100,"column":20},"end":{"line":100,"column":85},"skip":true},"27":{"start":{"line":101,"column":20},"end":{"line":101,"column":96},"skip":true},"28":{"start":{"line":103,"column":16},"end":{"line":103,"column":22},"skip":true},"29":{"start":{"line":106,"column":16},"end":{"line":106,"column":22},"skip":true},"30":{"start":{"line":108,"column":12},"end":{"line":120,"column":13},"skip":true},"31":{"start":{"line":114,"column":16},"end":{"line":119,"column":17},"skip":true},"32":{"start":{"line":116,"column":20},"end":{"line":116,"column":78},"skip":true},"33":{"start":{"line":118,"column":20},"end":{"line":118,"column":47},"skip":true},"34":{"start":{"line":123,"column":8},"end":{"line":141,"column":11},"skip":true},"35":{"start":{"line":124,"column":12},"end":{"line":124,"column":54},"skip":true},"36":{"start":{"line":125,"column":12},"end":{"line":140,"column":14},"skip":true},"37":{"start":{"line":126,"column":16},"end":{"line":126,"column":28},"skip":true},"38":{"start":{"line":127,"column":16},"end":{"line":127,"column":69},"skip":true},"39":{"start":{"line":128,"column":16},"end":{"line":128,"column":75},"skip":true},"40":{"start":{"line":129,"column":16},"end":{"line":131,"column":17},"skip":true},"41":{"start":{"line":130,"column":20},"end":{"line":130,"column":27},"skip":true},"42":{"start":{"line":133,"column":16},"end":{"line":137,"column":36},"skip":true},"43":{"start":{"line":134,"column":20},"end":{"line":136,"column":55},"skip":true},"44":{"start":{"line":139,"column":16},"end":{"line":139,"column":57},"skip":true},"45":{"start":{"line":143,"column":8},"end":{"line":147,"column":11},"skip":true},"46":{"start":{"line":144,"column":12},"end":{"line":146,"column":15},"skip":true},"47":{"start":{"line":145,"column":16},"end":{"line":145,"column":70},"skip":true},"48":{"start":{"line":149,"column":8},"end":{"line":149,"column":31},"skip":true},"49":{"start":{"line":150,"column":8},"end":{"line":150,"column":14},"skip":true},"50":{"start":{"line":158,"column":8},"end":{"line":158,"column":31},"skip":true},"51":{"start":{"line":160,"column":8},"end":{"line":160,"column":33},"skip":true},"52":{"start":{"line":161,"column":8},"end":{"line":161,"column":37},"skip":true},"53":{"start":{"line":162,"column":8},"end":{"line":162,"column":35},"skip":true},"54":{"start":{"line":164,"column":8},"end":{"line":164,"column":50},"skip":true},"55":{"start":{"line":166,"column":8},"end":{"line":256,"column":2},"skip":true},"56":{"start":{"line":258,"column":8},"end":{"line":286,"column":9},"skip":true},"57":{"start":{"line":259,"column":12},"end":{"line":269,"column":14},"skip":true},"58":{"start":{"line":271,"column":12},"end":{"line":285,"column":19},"skip":true},"59":{"start":{"line":274,"column":20},"end":{"line":274,"column":35},"skip":true},"60":{"start":{"line":275,"column":20},"end":{"line":284,"column":21},"skip":true},"61":{"start":{"line":277,"column":24},"end":{"line":277,"column":64},"skip":true},"62":{"start":{"line":279,"column":24},"end":{"line":279,"column":40},"skip":true},"63":{"start":{"line":281,"column":24},"end":{"line":281,"column":40},"skip":true},"64":{"start":{"line":283,"column":24},"end":{"line":283,"column":39},"skip":true},"65":{"start":{"line":288,"column":8},"end":{"line":290,"column":9},"skip":true},"66":{"start":{"line":289,"column":12},"end":{"line":289,"column":18},"skip":true},"67":{"start":{"line":291,"column":8},"end":{"line":293,"column":54},"skip":true},"68":{"start":{"line":294,"column":8},"end":{"line":301,"column":37},"skip":true},"69":{"start":{"line":302,"column":8},"end":{"line":302,"column":82},"skip":true},"70":{"start":{"line":305,"column":8},"end":{"line":307,"column":9},"skip":true},"71":{"start":{"line":306,"column":12},"end":{"line":306,"column":82},"skip":true},"72":{"start":{"line":309,"column":8},"end":{"line":311,"column":9},"skip":true},"73":{"start":{"line":310,"column":12},"end":{"line":310,"column":18},"skip":true},"74":{"start":{"line":312,"column":8},"end":{"line":312,"column":54},"skip":true},"75":{"start":{"line":313,"column":8},"end":{"line":313,"column":69},"skip":true},"76":{"start":{"line":314,"column":8},"end":{"line":322,"column":36},"skip":true},"77":{"start":{"line":315,"column":12},"end":{"line":315,"column":61},"skip":true},"78":{"start":{"line":316,"column":12},"end":{"line":319,"column":13},"skip":true},"79":{"start":{"line":317,"column":16},"end":{"line":317,"column":75},"skip":true},"80":{"start":{"line":318,"column":16},"end":{"line":318,"column":23},"skip":true},"81":{"start":{"line":320,"column":12},"end":{"line":320,"column":38},"skip":true},"82":{"start":{"line":321,"column":12},"end":{"line":321,"column":27},"skip":true},"83":{"start":{"line":323,"column":8},"end":{"line":323,"column":14},"skip":true}},"branchMap":{"1":{"line":39,"type":"binary-expr","locations":[{"start":{"line":39,"column":23},"end":{"line":39,"column":62}},{"start":{"line":40,"column":20},"end":{"line":40,"column":70}},{"start":{"line":41,"column":20},"end":{"line":41,"column":71}},{"start":{"line":42,"column":20},"end":{"line":42,"column":29}}]},"2":{"line":44,"type":"binary-expr","locations":[{"start":{"line":44,"column":23},"end":{"line":44,"column":37}},{"start":{"line":45,"column":20},"end":{"line":45,"column":61}},{"start":{"line":46,"column":20},"end":{"line":46,"column":70}},{"start":{"line":47,"column":20},"end":{"line":47,"column":26}}]},"3":{"line":51,"type":"cond-expr","locations":[{"start":{"line":52,"column":14},"end":{"line":52,"column":20}},{"start":{"line":53,"column":14},"end":{"line":53,"column":20}}]},"4":{"line":55,"type":"binary-expr","locations":[{"start":{"line":55,"column":16},"end":{"line":55,"column":44}},{"start":{"line":55,"column":49},"end":{"line":57,"column":43}}]},"5":{"line":55,"type":"cond-expr","locations":[{"start":{"line":56,"column":14},"end":{"line":56,"column":52}},{"start":{"line":57,"column":14},"end":{"line":57,"column":43}}]},"6":{"line":61,"type":"switch","locations":[{"start":{"line":68,"column":4},"end":{"line":150,"column":14},"skip":true},{"start":{"line":156,"column":4},"end":{"line":323,"column":14},"skip":true}]},"7":{"line":70,"type":"if","locations":[{"start":{"line":70,"column":12},"end":{"line":70,"column":12},"skip":true},{"start":{"line":70,"column":12},"end":{"line":70,"column":12},"skip":true}]},"8":{"line":70,"type":"binary-expr","locations":[{"start":{"line":70,"column":16},"end":{"line":70,"column":22},"skip":true},{"start":{"line":70,"column":27},"end":{"line":70,"column":32},"skip":true},{"start":{"line":71,"column":20},"end":{"line":71,"column":39},"skip":true},{"start":{"line":72,"column":20},"end":{"line":72,"column":49},"skip":true},{"start":{"line":73,"column":20},"end":{"line":73,"column":58},"skip":true},{"start":{"line":74,"column":20},"end":{"line":74,"column":69},"skip":true}]},"9":{"line":79,"type":"switch","locations":[{"start":{"line":80,"column":20},"end":{"line":80,"column":33},"skip":true},{"start":{"line":81,"column":20},"end":{"line":83,"column":30},"skip":true},{"start":{"line":84,"column":20},"end":{"line":85,"column":49},"skip":true}]},"10":{"line":89,"type":"switch","locations":[{"start":{"line":90,"column":12},"end":{"line":103,"column":22},"skip":true},{"start":{"line":105,"column":12},"end":{"line":106,"column":22},"skip":true}]},"11":{"line":89,"type":"binary-expr","locations":[{"start":{"line":89,"column":20},"end":{"line":89,"column":25},"skip":true},{"start":{"line":89,"column":29},"end":{"line":89,"column":48},"skip":true},{"start":{"line":89,"column":52},"end":{"line":89,"column":74},"skip":true}]},"12":{"line":92,"type":"if","locations":[{"start":{"line":92,"column":16},"end":{"line":92,"column":16},"skip":true},{"start":{"line":92,"column":16},"end":{"line":92,"column":16},"skip":true}]},"13":{"line":108,"type":"if","locations":[{"start":{"line":108,"column":12},"end":{"line":108,"column":12},"skip":true},{"start":{"line":108,"column":12},"end":{"line":108,"column":12},"skip":true}]},"14":{"line":108,"type":"binary-expr","locations":[{"start":{"line":108,"column":16},"end":{"line":108,"column":61},"skip":true},{"start":{"line":108,"column":66},"end":{"line":108,"column":72},"skip":true},{"start":{"line":108,"column":77},"end":{"line":108,"column":82},"skip":true},{"start":{"line":109,"column":20},"end":{"line":109,"column":39},"skip":true},{"start":{"line":110,"column":20},"end":{"line":110,"column":49},"skip":true},{"start":{"line":111,"column":20},"end":{"line":111,"column":58},"skip":true},{"start":{"line":112,"column":20},"end":{"line":112,"column":68},"skip":true}]},"15":{"line":129,"type":"if","locations":[{"start":{"line":129,"column":16},"end":{"line":129,"column":16},"skip":true},{"start":{"line":129,"column":16},"end":{"line":129,"column":16},"skip":true}]},"16":{"line":134,"type":"cond-expr","locations":[{"start":{"line":135,"column":26},"end":{"line":135,"column":29},"skip":true},{"start":{"line":136,"column":26},"end":{"line":136,"column":54},"skip":true}]},"17":{"line":164,"type":"binary-expr","locations":[{"start":{"line":164,"column":27},"end":{"line":164,"column":43},"skip":true},{"start":{"line":164,"column":47},"end":{"line":164,"column":49},"skip":true}]},"18":{"line":258,"type":"if","locations":[{"start":{"line":258,"column":8},"end":{"line":258,"column":8},"skip":true},{"start":{"line":258,"column":8},"end":{"line":258,"column":8},"skip":true}]},"19":{"line":275,"type":"switch","locations":[{"start":{"line":276,"column":20},"end":{"line":277,"column":64},"skip":true},{"start":{"line":278,"column":20},"end":{"line":279,"column":40},"skip":true},{"start":{"line":280,"column":20},"end":{"line":281,"column":40},"skip":true},{"start":{"line":282,"column":20},"end":{"line":283,"column":39},"skip":true}]},"20":{"line":288,"type":"if","locations":[{"start":{"line":288,"column":8},"end":{"line":288,"column":8},"skip":true},{"start":{"line":288,"column":8},"end":{"line":288,"column":8},"skip":true}]},"21":{"line":288,"type":"binary-expr","locations":[{"start":{"line":288,"column":12},"end":{"line":288,"column":40},"skip":true},{"start":{"line":288,"column":44},"end":{"line":288,"column":67},"skip":true}]},"22":{"line":292,"type":"binary-expr","locations":[{"start":{"line":292,"column":12},"end":{"line":292,"column":50},"skip":true},{"start":{"line":293,"column":12},"end":{"line":293,"column":53},"skip":true}]},"23":{"line":295,"type":"binary-expr","locations":[{"start":{"line":295,"column":12},"end":{"line":295,"column":66},"skip":true},{"start":{"line":296,"column":12},"end":{"line":301,"column":36},"skip":true}]},"24":{"line":302,"type":"binary-expr","locations":[{"start":{"line":302,"column":43},"end":{"line":302,"column":75},"skip":true},{"start":{"line":302,"column":79},"end":{"line":302,"column":81},"skip":true}]},"25":{"line":305,"type":"if","locations":[{"start":{"line":305,"column":8},"end":{"line":305,"column":8},"skip":true},{"start":{"line":305,"column":8},"end":{"line":305,"column":8},"skip":true}]},"26":{"line":309,"type":"if","locations":[{"start":{"line":309,"column":8},"end":{"line":309,"column":8},"skip":true},{"start":{"line":309,"column":8},"end":{"line":309,"column":8},"skip":true}]},"27":{"line":312,"type":"binary-expr","locations":[{"start":{"line":312,"column":27},"end":{"line":312,"column":43},"skip":true},{"start":{"line":312,"column":47},"end":{"line":312,"column":53},"skip":true}]},"28":{"line":316,"type":"if","locations":[{"start":{"line":316,"column":12},"end":{"line":316,"column":12},"skip":true},{"start":{"line":316,"column":12},"end":{"line":316,"column":12},"skip":true}]}},"code":["/*","example.js","","quickstart example","","instruction","    1. save this script as example.js","    2. run the shell command:","        $ npm install npmtest-node-ipc && PORT=8081 node example.js","    3. play with the browser-demo on http://127.0.0.1:8081","*/","","","","/* istanbul instrument in package npmtest_node_ipc */","/*jslint","    bitwise: true,","    browser: true,","    maxerr: 8,","    maxlen: 96,","    node: true,","    nomen: true,","    regexp: true,","    stupid: true","*/","(function () {","    'use strict';","    var local;","","","","    // run shared js-env code - pre-init","    (function () {","        // init local","        local = {};","        // init modeJs","        local.modeJs = (function () {","            try {","                return typeof navigator.userAgent === 'string' &&","                    typeof document.querySelector('body') === 'object' &&","                    typeof XMLHttpRequest.prototype.open === 'function' &&","                    'browser';","            } catch (errorCaughtBrowser) {","                return module.exports &&","                    typeof process.versions.node === 'string' &&","                    typeof require('http').createServer === 'function' &&","                    'node';","            }","        }());","        // init global","        local.global = local.modeJs === 'browser'","            ? window","            : global;","        // init utility2_rollup","        local = local.global.utility2_rollup || (local.modeJs === 'browser'","            ? local.global.utility2_npmtest_node_ipc","            : global.utility2_moduleExports);","        // export local","        local.global.local = local;","    }());","    switch (local.modeJs) {","","","","    // post-init","    // run browser js-env code - post-init","    /* istanbul ignore next */","    case 'browser':","        local.testRunBrowser = function (event) {","            if (!event || (event &&","                    event.currentTarget &&","                    event.currentTarget.className &&","                    event.currentTarget.className.includes &&","                    event.currentTarget.className.includes('onreset'))) {","                // reset output","                Array.from(","                    document.querySelectorAll('body > .resettable')","                ).forEach(function (element) {","                    switch (element.tagName) {","                    case 'INPUT':","                    case 'TEXTAREA':","                        element.value = '';","                        break;","                    default:","                        element.textContent = '';","                    }","                });","            }","            switch (event && event.currentTarget && event.currentTarget.id) {","            case 'testRunButton1':","                // show tests","                if (document.querySelector('#testReportDiv1').style.display === 'none') {","                    document.querySelector('#testReportDiv1').style.display = 'block';","                    document.querySelector('#testRunButton1').textContent =","                        'hide internal test';","                    local.modeTest = true;","                    local.testRunDefault(local);","                // hide tests","                } else {","                    document.querySelector('#testReportDiv1').style.display = 'none';","                    document.querySelector('#testRunButton1').textContent = 'run internal test';","                }","                break;","            // custom-case","            default:","                break;","            }","            if (document.querySelector('#inputTextareaEval1') && (!event || (event &&","                    event.currentTarget &&","                    event.currentTarget.className &&","                    event.currentTarget.className.includes &&","                    event.currentTarget.className.includes('oneval')))) {","                // try to eval input-code","                try {","                    /*jslint evil: true*/","                    eval(document.querySelector('#inputTextareaEval1').value);","                } catch (errorCaught) {","                    console.error(errorCaught);","                }","            }","        };","        // log stderr and stdout to #outputTextareaStdout1","        ['error', 'log'].forEach(function (key) {","            console[key + '_original'] = console[key];","            console[key] = function () {","                var element;","                console[key + '_original'].apply(console, arguments);","                element = document.querySelector('#outputTextareaStdout1');","                if (!element) {","                    return;","                }","                // append text to #outputTextareaStdout1","                element.value += Array.from(arguments).map(function (arg) {","                    return typeof arg === 'string'","                        ? arg","                        : JSON.stringify(arg, null, 4);","                }).join(' ') + '\\n';","                // scroll textarea to bottom","                element.scrollTop = element.scrollHeight;","            };","        });","        // init event-handling","        ['change', 'click', 'keyup'].forEach(function (event) {","            Array.from(document.querySelectorAll('.on' + event)).forEach(function (element) {","                element.addEventListener(event, local.testRunBrowser);","            });","        });","        // run tests","        local.testRunBrowser();","        break;","","","","    // run node js-env code - post-init","    /* istanbul ignore next */","    case 'node':","        // export local","        module.exports = local;","        // require modules","        local.fs = require('fs');","        local.http = require('http');","        local.url = require('url');","        // init assets","        local.assetsDict = local.assetsDict || {};","        /* jslint-ignore-begin */","        local.assetsDict['/assets.index.template.html'] = '\\","<!doctype html>\\n\\","<html lang=\"en\">\\n\\","<head>\\n\\","<meta charset=\"UTF-8\">\\n\\","<meta name=\"viewport\" content=\"width=device-width, initial-scale=1\">\\n\\","<title>{{env.npm_package_name}} (v{{env.npm_package_version}})</title>\\n\\","<style>\\n\\","/*csslint\\n\\","    box-sizing: false,\\n\\","    universal-selector: false\\n\\","*/\\n\\","* {\\n\\","    box-sizing: border-box;\\n\\","}\\n\\","body {\\n\\","    background: #dde;\\n\\","    font-family: Arial, Helvetica, sans-serif;\\n\\","    margin: 2rem;\\n\\","}\\n\\","body > * {\\n\\","    margin-bottom: 1rem;\\n\\","}\\n\\",".utility2FooterDiv {\\n\\","    margin-top: 20px;\\n\\","    text-align: center;\\n\\","}\\n\\","</style>\\n\\","<style>\\n\\","/*csslint\\n\\","*/\\n\\","textarea {\\n\\","    font-family: monospace;\\n\\","    height: 10rem;\\n\\","    width: 100%;\\n\\","}\\n\\","textarea[readonly] {\\n\\","    background: #ddd;\\n\\","}\\n\\","</style>\\n\\","</head>\\n\\","<body>\\n\\","<!-- utility2-comment\\n\\","<div id=\"ajaxProgressDiv1\" style=\"background: #d00; height: 2px; left: 0; margin: 0; padding: 0; position: fixed; top: 0; transition: background 0.5s, width 1.5s; width: 25%;\"></div>\\n\\","utility2-comment -->\\n\\","<h1>\\n\\","<!-- utility2-comment\\n\\","    <a\\n\\","        {{#if env.npm_package_homepage}}\\n\\","        href=\"{{env.npm_package_homepage}}\"\\n\\","        {{/if env.npm_package_homepage}}\\n\\","        target=\"_blank\"\\n\\","    >\\n\\","utility2-comment -->\\n\\","        {{env.npm_package_name}} (v{{env.npm_package_version}})\\n\\","<!-- utility2-comment\\n\\","    </a>\\n\\","utility2-comment -->\\n\\","</h1>\\n\\","<h3>{{env.npm_package_description}}</h3>\\n\\","<!-- utility2-comment\\n\\","<h4><a download href=\"assets.app.js\">download standalone app</a></h4>\\n\\","<button class=\"onclick onreset\" id=\"testRunButton1\">run internal test</button><br>\\n\\","<div id=\"testReportDiv1\" style=\"display: none;\"></div>\\n\\","utility2-comment -->\\n\\","\\n\\","\\n\\","\\n\\","<label>stderr and stdout</label>\\n\\","<textarea class=\"resettable\" id=\"outputTextareaStdout1\" readonly></textarea>\\n\\","<!-- utility2-comment\\n\\","{{#if isRollup}}\\n\\","<script src=\"assets.app.js\"></script>\\n\\","{{#unless isRollup}}\\n\\","utility2-comment -->\\n\\","<script src=\"assets.utility2.rollup.js\"></script>\\n\\","<script src=\"jsonp.utility2._stateInit?callback=window.utility2._stateInit\"></script>\\n\\","<script src=\"assets.npmtest_node_ipc.rollup.js\"></script>\\n\\","<script src=\"assets.example.js\"></script>\\n\\","<script src=\"assets.test.js\"></script>\\n\\","<!-- utility2-comment\\n\\","{{/if isRollup}}\\n\\","utility2-comment -->\\n\\","<div class=\"utility2FooterDiv\">\\n\\","    [ this app was created with\\n\\","    <a href=\"https://github.com/kaizhu256/node-utility2\" target=\"_blank\">utility2</a>\\n\\","    ]\\n\\","</div>\\n\\","</body>\\n\\","</html>\\n\\","';","        /* jslint-ignore-end */","        if (local.templateRender) {","            local.assetsDict['/'] = local.templateRender(","                local.assetsDict['/assets.index.template.html'],","                {","                    env: local.objectSetDefault(local.env, {","                        npm_package_description: 'the greatest app in the world!',","                        npm_package_name: 'my-app',","                        npm_package_nameAlias: 'my_app',","                        npm_package_version: '0.0.1'","                    })","                }","            );","        } else {","            local.assetsDict['/'] = local.assetsDict['/assets.index.template.html']","                .replace((/\\{\\{env\\.(\\w+?)\\}\\}/g), function (match0, match1) {","                    // jslint-hack","                    String(match0);","                    switch (match1) {","                    case 'npm_package_description':","                        return 'the greatest app in the world!';","                    case 'npm_package_name':","                        return 'my-app';","                    case 'npm_package_nameAlias':","                        return 'my_app';","                    case 'npm_package_version':","                        return '0.0.1';","                    }","                });","        }","        // run the cli","        if (local.global.utility2_rollup || module !== require.main) {","            break;","        }","        local.assetsDict['/assets.example.js'] =","            local.assetsDict['/assets.example.js'] ||","            local.fs.readFileSync(__filename, 'utf8');","        local.assetsDict['/assets.npmtest_node_ipc.rollup.js'] =","            local.assetsDict['/assets.npmtest_node_ipc.rollup.js'] ||","            local.fs.readFileSync(","                // buildCustomOrg-hack","                local.npmtest_node_ipc.__dirname +","                    '/lib.npmtest_node_ipc.js',","                'utf8'","            ).replace((/^#!/), '//');","        local.assetsDict['/favicon.ico'] = local.assetsDict['/favicon.ico'] || '';","        // if $npm_config_timeout_exit exists,","        // then exit this process after $npm_config_timeout_exit ms","        if (Number(process.env.npm_config_timeout_exit)) {","            setTimeout(process.exit, Number(process.env.npm_config_timeout_exit));","        }","        // start server","        if (local.global.utility2_serverHttp1) {","            break;","        }","        process.env.PORT = process.env.PORT || '8081';","        console.error('server starting on port ' + process.env.PORT);","        local.http.createServer(function (request, response) {","            request.urlParsed = local.url.parse(request.url);","            if (local.assetsDict[request.urlParsed.pathname] !== undefined) {","                response.end(local.assetsDict[request.urlParsed.pathname]);","                return;","            }","            response.statusCode = 404;","            response.end();","        }).listen(process.env.PORT);","        break;","    }","}());",""],"l":{"26":2,"28":2,"33":2,"35":2,"37":2,"38":2,"39":2,"44":1,"51":2,"55":2,"59":2,"61":2,"69":1,"70":2,"76":2,"79":2,"82":2,"83":2,"85":1,"89":2,"92":1,"93":1,"94":1,"96":1,"97":1,"100":1,"101":1,"103":1,"106":1,"108":2,"114":1,"116":1,"118":1,"123":1,"124":2,"125":2,"126":2,"127":2,"128":2,"129":2,"130":1,"133":2,"134":2,"139":2,"143":1,"144":3,"145":1,"149":1,"150":1,"158":1,"160":1,"161":1,"162":1,"164":1,"166":1,"258":1,"259":1,"271":1,"274":6,"275":6,"277":1,"279":2,"281":1,"283":2,"288":1,"289":1,"291":1,"294":1,"302":1,"305":1,"306":1,"309":1,"310":1,"312":1,"313":1,"314":1,"315":1,"316":1,"317":1,"318":1,"320":1,"321":1,"323":1}},"/home/travis/build/npmtest/node-npmtest-node-ipc/node_modules/node-ipc/node-ipc.js":{"path":"/home/travis/build/npmtest/node-npmtest-node-ipc/node_modules/node-ipc/node-ipc.js","s":{"1":1,"2":1,"3":1,"4":1},"b":{},"f":{"1":1},"fnMap":{"1":{"name":"(anonymous_1)","line":6,"loc":{"start":{"line":6,"column":15},"end":{"line":6,"column":17}}}},"statementMap":{"1":{"start":{"line":3,"column":0},"end":{"line":3,"column":41}},"2":{"start":{"line":7,"column":8},"end":{"line":7,"column":16}},"3":{"start":{"line":9,"column":8},"end":{"line":17,"column":9}},"4":{"start":{"line":21,"column":0},"end":{"line":21,"column":29}}},"branchMap":{},"code":["'use strict';","","const IPC = require('./services/IPC.js');","","class IPCModule extends IPC{","    constructor(){","        super();","        //include IPC to make extensible","        Object.defineProperty(","            this,","            'IPC',","            {","                enumerable:true,","                writable:false,","                value:IPC","            }","        )","    }","}","","module.exports=new IPCModule;",""],"l":{"3":1,"7":1,"9":1,"21":1}},"/home/travis/build/npmtest/node-npmtest-node-ipc/node_modules/node-ipc/services/IPC.js":{"path":"/home/travis/build/npmtest/node-npmtest-node-ipc/node_modules/node-ipc/services/IPC.js","s":{"1":1,"2":1,"3":1,"4":0,"5":0,"6":0,"7":0,"8":0,"9":0,"10":0,"11":0,"12":1,"13":0,"14":0,"15":0,"16":0,"17":0,"18":0,"19":0,"20":0,"21":1,"22":0,"23":0,"24":0,"25":0,"26":0,"27":0,"28":0,"29":0,"30":0,"31":0,"32":1,"33":1,"34":0,"35":0,"36":0,"37":0,"38":0,"39":0,"40":0,"41":0,"42":0,"43":0,"44":0,"45":0,"46":0,"47":0,"48":0,"49":0,"50":0,"51":0,"52":0,"53":0,"54":0,"55":0,"56":0,"57":0,"58":0,"59":0,"60":0,"61":0,"62":0,"63":0,"64":0,"65":0,"66":0,"67":0,"68":0,"69":0,"70":0,"71":0,"72":0,"73":0,"74":1,"75":0,"76":0,"77":0,"78":0,"79":0,"80":0,"81":0,"82":0,"83":0,"84":0,"85":0,"86":0,"87":0,"88":0,"89":0,"90":0,"91":0,"92":0,"93":0,"94":0,"95":0,"96":0,"97":1,"98":0,"99":0,"100":0,"101":0,"102":0,"103":0,"104":0,"105":0,"106":0,"107":0,"108":0,"109":0,"110":0,"111":0,"112":0,"113":0,"114":0,"115":0,"116":0,"117":0,"118":0,"119":0,"120":0,"121":0,"122":0,"123":0,"124":0,"125":0,"126":0,"127":0,"128":0,"129":0,"130":0,"131":0,"132":0,"133":0,"134":0,"135":1},"b":{"1":[0,0],"2":[0,0],"3":[0,0],"4":[0,0],"5":[0,0],"6":[0,0],"7":[0,0],"8":[0,0],"9":[0,0],"10":[0,0],"11":[0,0],"12":[0,0],"13":[0,0],"14":[0,0],"15":[0,0],"16":[0,0],"17":[0,0],"18":[0,0],"19":[0,0],"20":[0,0],"21":[0,0],"22":[0,0],"23":[0,0],"24":[0,0],"25":[0,0],"26":[0,0],"27":[0,0],"28":[0,0],"29":[0,0],"30":[0,0],"31":[0,0],"32":[0,0],"33":[0,0],"34":[0,0],"35":[0,0],"36":[0,0],"37":[0,0]},"f":{"1":1,"2":0,"3":0,"4":0,"5":0,"6":0,"7":0,"8":0},"fnMap":{"1":{"name":"(anonymous_1)","line":9,"loc":{"start":{"line":9,"column":15},"end":{"line":9,"column":17}}},"2":{"name":"log","line":64,"loc":{"start":{"line":64,"column":0},"end":{"line":64,"column":14}}},"3":{"name":"disconnect","line":90,"loc":{"start":{"line":90,"column":0},"end":{"line":90,"column":23}}},"4":{"name":"serve","line":107,"loc":{"start":{"line":107,"column":0},"end":{"line":107,"column":29}}},"5":{"name":"emptyCallback","line":137,"loc":{"start":{"line":137,"column":0},"end":{"line":137,"column":24}}},"6":{"name":"serveNet","line":141,"loc":{"start":{"line":141,"column":0},"end":{"line":141,"column":45}}},"7":{"name":"connect","line":218,"loc":{"start":{"line":218,"column":0},"end":{"line":218,"column":34}}},"8":{"name":"connectNet","line":267,"loc":{"start":{"line":267,"column":0},"end":{"line":267,"column":42}}}},"statementMap":{"1":{"start":{"line":3,"column":0},"end":{"line":6,"column":27}},"2":{"start":{"line":10,"column":8},"end":{"line":60,"column":10}},"3":{"start":{"line":64,"column":0},"end":{"line":88,"column":1}},"4":{"start":{"line":65,"column":4},"end":{"line":67,"column":5}},"5":{"start":{"line":66,"column":8},"end":{"line":66,"column":15}},"6":{"start":{"line":69,"column":4},"end":{"line":69,"column":53}},"7":{"start":{"line":71,"column":4},"end":{"line":83,"column":5}},"8":{"start":{"line":72,"column":8},"end":{"line":74,"column":9}},"9":{"start":{"line":73,"column":12},"end":{"line":73,"column":21}},"10":{"start":{"line":76,"column":8},"end":{"line":82,"column":10}},"11":{"start":{"line":85,"column":4},"end":{"line":87,"column":6}},"12":{"start":{"line":90,"column":0},"end":{"line":105,"column":1}},"13":{"start":{"line":91,"column":4},"end":{"line":93,"column":5}},"14":{"start":{"line":92,"column":8},"end":{"line":92,"column":15}},"15":{"start":{"line":95,"column":4},"end":{"line":95,"column":44}},"16":{"start":{"line":97,"column":4},"end":{"line":97,"column":29}},"17":{"start":{"line":98,"column":4},"end":{"line":102,"column":5}},"18":{"start":{"line":99,"column":8},"end":{"line":101,"column":9}},"19":{"start":{"line":100,"column":12},"end":{"line":100,"column":41}},"20":{"start":{"line":104,"column":4},"end":{"line":104,"column":23}},"21":{"start":{"line":107,"column":0},"end":{"line":135,"column":1}},"22":{"start":{"line":108,"column":4},"end":{"line":111,"column":5}},"23":{"start":{"line":109,"column":8},"end":{"line":109,"column":22}},"24":{"start":{"line":110,"column":8},"end":{"line":110,"column":19}},"25":{"start":{"line":112,"column":4},"end":{"line":119,"column":5}},"26":{"start":{"line":113,"column":8},"end":{"line":117,"column":10}},"27":{"start":{"line":118,"column":8},"end":{"line":118,"column":72}},"28":{"start":{"line":121,"column":4},"end":{"line":123,"column":5}},"29":{"start":{"line":122,"column":8},"end":{"line":122,"column":31}},"30":{"start":{"line":125,"column":4},"end":{"line":129,"column":6}},"31":{"start":{"line":131,"column":4},"end":{"line":134,"column":6}},"32":{"start":{"line":137,"column":0},"end":{"line":139,"column":1}},"33":{"start":{"line":141,"column":0},"end":{"line":216,"column":1}},"34":{"start":{"line":142,"column":4},"end":{"line":147,"column":5}},"35":{"start":{"line":143,"column":8},"end":{"line":143,"column":25}},"36":{"start":{"line":144,"column":8},"end":{"line":144,"column":21}},"37":{"start":{"line":145,"column":8},"end":{"line":145,"column":18}},"38":{"start":{"line":146,"column":8},"end":{"line":146,"column":19}},"39":{"start":{"line":148,"column":4},"end":{"line":153,"column":5}},"40":{"start":{"line":149,"column":8},"end":{"line":149,"column":22}},"41":{"start":{"line":150,"column":8},"end":{"line":150,"column":22}},"42":{"start":{"line":151,"column":8},"end":{"line":151,"column":19}},"43":{"start":{"line":152,"column":8},"end":{"line":152,"column":19}},"44":{"start":{"line":154,"column":4},"end":{"line":161,"column":5}},"45":{"start":{"line":155,"column":8},"end":{"line":159,"column":10}},"46":{"start":{"line":160,"column":8},"end":{"line":160,"column":37}},"47":{"start":{"line":162,"column":4},"end":{"line":167,"column":5}},"48":{"start":{"line":163,"column":8},"end":{"line":163,"column":22}},"49":{"start":{"line":164,"column":8},"end":{"line":164,"column":35}},"50":{"start":{"line":165,"column":8},"end":{"line":165,"column":19}},"51":{"start":{"line":166,"column":8},"end":{"line":166,"column":37}},"52":{"start":{"line":169,"column":4},"end":{"line":173,"column":5}},"53":{"start":{"line":170,"column":8},"end":{"line":170,"column":25}},"54":{"start":{"line":171,"column":8},"end":{"line":171,"column":21}},"55":{"start":{"line":172,"column":8},"end":{"line":172,"column":19}},"56":{"start":{"line":174,"column":4},"end":{"line":178,"column":5}},"57":{"start":{"line":175,"column":8},"end":{"line":175,"column":22}},"58":{"start":{"line":176,"column":8},"end":{"line":176,"column":22}},"59":{"start":{"line":177,"column":8},"end":{"line":177,"column":19}},"60":{"start":{"line":179,"column":4},"end":{"line":186,"column":5}},"61":{"start":{"line":180,"column":8},"end":{"line":184,"column":10}},"62":{"start":{"line":185,"column":8},"end":{"line":185,"column":37}},"63":{"start":{"line":188,"column":4},"end":{"line":191,"column":5}},"64":{"start":{"line":189,"column":8},"end":{"line":189,"column":25}},"65":{"start":{"line":190,"column":8},"end":{"line":190,"column":22}},"66":{"start":{"line":193,"column":4},"end":{"line":195,"column":5}},"67":{"start":{"line":194,"column":8},"end":{"line":194,"column":31}},"68":{"start":{"line":197,"column":4},"end":{"line":202,"column":6}},"69":{"start":{"line":204,"column":4},"end":{"line":210,"column":5}},"70":{"start":{"line":205,"column":8},"end":{"line":205,"column":34}},"71":{"start":{"line":206,"column":8},"end":{"line":209,"column":9}},"72":{"start":{"line":208,"column":12},"end":{"line":208,"column":43}},"73":{"start":{"line":212,"column":4},"end":{"line":215,"column":6}},"74":{"start":{"line":218,"column":0},"end":{"line":265,"column":1}},"75":{"start":{"line":219,"column":4},"end":{"line":222,"column":5}},"76":{"start":{"line":220,"column":8},"end":{"line":220,"column":22}},"77":{"start":{"line":221,"column":8},"end":{"line":221,"column":19}},"78":{"start":{"line":224,"column":4},"end":{"line":226,"column":5}},"79":{"start":{"line":225,"column":8},"end":{"line":225,"column":31}},"80":{"start":{"line":228,"column":4},"end":{"line":234,"column":5}},"81":{"start":{"line":229,"column":8},"end":{"line":232,"column":10}},"82":{"start":{"line":233,"column":8},"end":{"line":233,"column":15}},"83":{"start":{"line":236,"column":4},"end":{"line":243,"column":5}},"84":{"start":{"line":237,"column":8},"end":{"line":241,"column":10}},"85":{"start":{"line":242,"column":8},"end":{"line":242,"column":60}},"86":{"start":{"line":245,"column":4},"end":{"line":256,"column":5}},"87":{"start":{"line":246,"column":8},"end":{"line":254,"column":9}},"88":{"start":{"line":247,"column":12},"end":{"line":251,"column":14}},"89":{"start":{"line":252,"column":12},"end":{"line":252,"column":23}},"90":{"start":{"line":253,"column":12},"end":{"line":253,"column":19}},"91":{"start":{"line":255,"column":8},"end":{"line":255,"column":37}},"92":{"start":{"line":258,"column":4},"end":{"line":258,"column":51}},"93":{"start":{"line":259,"column":4},"end":{"line":259,"column":24}},"94":{"start":{"line":260,"column":4},"end":{"line":260,"column":28}},"95":{"start":{"line":262,"column":4},"end":{"line":262,"column":26}},"96":{"start":{"line":264,"column":4},"end":{"line":264,"column":19}},"97":{"start":{"line":267,"column":0},"end":{"line":336,"column":1}},"98":{"start":{"line":268,"column":4},"end":{"line":274,"column":5}},"99":{"start":{"line":269,"column":8},"end":{"line":272,"column":10}},"100":{"start":{"line":273,"column":8},"end":{"line":273,"column":15}},"101":{"start":{"line":275,"column":4},"end":{"line":279,"column":5}},"102":{"start":{"line":276,"column":8},"end":{"line":276,"column":22}},"103":{"start":{"line":277,"column":8},"end":{"line":277,"column":18}},"104":{"start":{"line":278,"column":8},"end":{"line":278,"column":19}},"105":{"start":{"line":280,"column":4},"end":{"line":284,"column":5}},"106":{"start":{"line":281,"column":8},"end":{"line":281,"column":22}},"107":{"start":{"line":282,"column":8},"end":{"line":282,"column":19}},"108":{"start":{"line":283,"column":8},"end":{"line":283,"column":19}},"109":{"start":{"line":285,"column":4},"end":{"line":292,"column":5}},"110":{"start":{"line":286,"column":8},"end":{"line":290,"column":10}},"111":{"start":{"line":291,"column":8},"end":{"line":291,"column":37}},"112":{"start":{"line":294,"column":4},"end":{"line":297,"column":5}},"113":{"start":{"line":295,"column":8},"end":{"line":295,"column":22}},"114":{"start":{"line":296,"column":8},"end":{"line":296,"column":19}},"115":{"start":{"line":298,"column":4},"end":{"line":305,"column":5}},"116":{"start":{"line":299,"column":8},"end":{"line":303,"column":10}},"117":{"start":{"line":304,"column":8},"end":{"line":304,"column":37}},"118":{"start":{"line":307,"column":4},"end":{"line":310,"column":5}},"119":{"start":{"line":308,"column":8},"end":{"line":308,"column":25}},"120":{"start":{"line":309,"column":8},"end":{"line":309,"column":23}},"121":{"start":{"line":311,"column":4},"end":{"line":313,"column":5}},"122":{"start":{"line":312,"column":8},"end":{"line":312,"column":31}},"123":{"start":{"line":315,"column":4},"end":{"line":326,"column":5}},"124":{"start":{"line":316,"column":8},"end":{"line":324,"column":9}},"125":{"start":{"line":317,"column":12},"end":{"line":321,"column":14}},"126":{"start":{"line":322,"column":12},"end":{"line":322,"column":23}},"127":{"start":{"line":323,"column":12},"end":{"line":323,"column":19}},"128":{"start":{"line":325,"column":8},"end":{"line":325,"column":37}},"129":{"start":{"line":328,"column":4},"end":{"line":328,"column":51}},"130":{"start":{"line":329,"column":4},"end":{"line":329,"column":24}},"131":{"start":{"line":330,"column":4},"end":{"line":330,"column":28}},"132":{"start":{"line":331,"column":4},"end":{"line":331,"column":28}},"133":{"start":{"line":333,"column":4},"end":{"line":333,"column":26}},"134":{"start":{"line":335,"column":4},"end":{"line":335,"column":19}},"135":{"start":{"line":338,"column":0},"end":{"line":338,"column":19}}},"branchMap":{"1":{"line":65,"type":"if","locations":[{"start":{"line":65,"column":4},"end":{"line":65,"column":4}},{"start":{"line":65,"column":4},"end":{"line":65,"column":4}}]},"2":{"line":72,"type":"if","locations":[{"start":{"line":72,"column":8},"end":{"line":72,"column":8}},{"start":{"line":72,"column":8},"end":{"line":72,"column":8}}]},"3":{"line":91,"type":"if","locations":[{"start":{"line":91,"column":4},"end":{"line":91,"column":4}},{"start":{"line":91,"column":4},"end":{"line":91,"column":4}}]},"4":{"line":98,"type":"if","locations":[{"start":{"line":98,"column":4},"end":{"line":98,"column":4}},{"start":{"line":98,"column":4},"end":{"line":98,"column":4}}]},"5":{"line":99,"type":"if","locations":[{"start":{"line":99,"column":8},"end":{"line":99,"column":8}},{"start":{"line":99,"column":8},"end":{"line":99,"column":8}}]},"6":{"line":108,"type":"if","locations":[{"start":{"line":108,"column":4},"end":{"line":108,"column":4}},{"start":{"line":108,"column":4},"end":{"line":108,"column":4}}]},"7":{"line":112,"type":"if","locations":[{"start":{"line":112,"column":4},"end":{"line":112,"column":4}},{"start":{"line":112,"column":4},"end":{"line":112,"column":4}}]},"8":{"line":121,"type":"if","locations":[{"start":{"line":121,"column":4},"end":{"line":121,"column":4}},{"start":{"line":121,"column":4},"end":{"line":121,"column":4}}]},"9":{"line":142,"type":"if","locations":[{"start":{"line":142,"column":4},"end":{"line":142,"column":4}},{"start":{"line":142,"column":4},"end":{"line":142,"column":4}}]},"10":{"line":148,"type":"if","locations":[{"start":{"line":148,"column":4},"end":{"line":148,"column":4}},{"start":{"line":148,"column":4},"end":{"line":148,"column":4}}]},"11":{"line":154,"type":"if","locations":[{"start":{"line":154,"column":4},"end":{"line":154,"column":4}},{"start":{"line":154,"column":4},"end":{"line":154,"column":4}}]},"12":{"line":162,"type":"if","locations":[{"start":{"line":162,"column":4},"end":{"line":162,"column":4}},{"start":{"line":162,"column":4},"end":{"line":162,"column":4}}]},"13":{"line":162,"type":"binary-expr","locations":[{"start":{"line":162,"column":7},"end":{"line":162,"column":33}},{"start":{"line":162,"column":37},"end":{"line":162,"column":63}}]},"14":{"line":169,"type":"if","locations":[{"start":{"line":169,"column":4},"end":{"line":169,"column":4}},{"start":{"line":169,"column":4},"end":{"line":169,"column":4}}]},"15":{"line":174,"type":"if","locations":[{"start":{"line":174,"column":4},"end":{"line":174,"column":4}},{"start":{"line":174,"column":4},"end":{"line":174,"column":4}}]},"16":{"line":179,"type":"if","locations":[{"start":{"line":179,"column":4},"end":{"line":179,"column":4}},{"start":{"line":179,"column":4},"end":{"line":179,"column":4}}]},"17":{"line":188,"type":"if","locations":[{"start":{"line":188,"column":4},"end":{"line":188,"column":4}},{"start":{"line":188,"column":4},"end":{"line":188,"column":4}}]},"18":{"line":193,"type":"if","locations":[{"start":{"line":193,"column":4},"end":{"line":193,"column":4}},{"start":{"line":193,"column":4},"end":{"line":193,"column":4}}]},"19":{"line":204,"type":"if","locations":[{"start":{"line":204,"column":4},"end":{"line":204,"column":4}},{"start":{"line":204,"column":4},"end":{"line":204,"column":4}}]},"20":{"line":206,"type":"if","locations":[{"start":{"line":206,"column":8},"end":{"line":206,"column":8}},{"start":{"line":206,"column":8},"end":{"line":206,"column":8}}]},"21":{"line":206,"type":"binary-expr","locations":[{"start":{"line":206,"column":11},"end":{"line":206,"column":29}},{"start":{"line":206,"column":33},"end":{"line":206,"column":47}}]},"22":{"line":219,"type":"if","locations":[{"start":{"line":219,"column":4},"end":{"line":219,"column":4}},{"start":{"line":219,"column":4},"end":{"line":219,"column":4}}]},"23":{"line":224,"type":"if","locations":[{"start":{"line":224,"column":4},"end":{"line":224,"column":4}},{"start":{"line":224,"column":4},"end":{"line":224,"column":4}}]},"24":{"line":228,"type":"if","locations":[{"start":{"line":228,"column":4},"end":{"line":228,"column":4}},{"start":{"line":228,"column":4},"end":{"line":228,"column":4}}]},"25":{"line":236,"type":"if","locations":[{"start":{"line":236,"column":4},"end":{"line":236,"column":4}},{"start":{"line":236,"column":4},"end":{"line":236,"column":4}}]},"26":{"line":245,"type":"if","locations":[{"start":{"line":245,"column":4},"end":{"line":245,"column":4}},{"start":{"line":245,"column":4},"end":{"line":245,"column":4}}]},"27":{"line":246,"type":"if","locations":[{"start":{"line":246,"column":8},"end":{"line":246,"column":8}},{"start":{"line":246,"column":8},"end":{"line":246,"column":8}}]},"28":{"line":268,"type":"if","locations":[{"start":{"line":268,"column":4},"end":{"line":268,"column":4}},{"start":{"line":268,"column":4},"end":{"line":268,"column":4}}]},"29":{"line":275,"type":"if","locations":[{"start":{"line":275,"column":4},"end":{"line":275,"column":4}},{"start":{"line":275,"column":4},"end":{"line":275,"column":4}}]},"30":{"line":280,"type":"if","locations":[{"start":{"line":280,"column":4},"end":{"line":280,"column":4}},{"start":{"line":280,"column":4},"end":{"line":280,"column":4}}]},"31":{"line":285,"type":"if","locations":[{"start":{"line":285,"column":4},"end":{"line":285,"column":4}},{"start":{"line":285,"column":4},"end":{"line":285,"column":4}}]},"32":{"line":294,"type":"if","locations":[{"start":{"line":294,"column":4},"end":{"line":294,"column":4}},{"start":{"line":294,"column":4},"end":{"line":294,"column":4}}]},"33":{"line":298,"type":"if","locations":[{"start":{"line":298,"column":4},"end":{"line":298,"column":4}},{"start":{"line":298,"column":4},"end":{"line":298,"column":4}}]},"34":{"line":307,"type":"if","locations":[{"start":{"line":307,"column":4},"end":{"line":307,"column":4}},{"start":{"line":307,"column":4},"end":{"line":307,"column":4}}]},"35":{"line":311,"type":"if","locations":[{"start":{"line":311,"column":4},"end":{"line":311,"column":4}},{"start":{"line":311,"column":4},"end":{"line":311,"column":4}}]},"36":{"line":315,"type":"if","locations":[{"start":{"line":315,"column":4},"end":{"line":315,"column":4}},{"start":{"line":315,"column":4},"end":{"line":315,"column":4}}]},"37":{"line":316,"type":"if","locations":[{"start":{"line":316,"column":8},"end":{"line":316,"column":8}},{"start":{"line":316,"column":8},"end":{"line":316,"column":8}}]}},"code":["'use strict';","","const Defaults = require('../entities/Defaults.js'),","    Client = require('../dao/client.js'),","    Server = require('../dao/socketServer.js'),","    util = require('util');","","class IPC{","    constructor(){","        Object.defineProperties(","            this,","            {","                config      : {","                    enumerable:true,","                    writable:true,","                    value:new Defaults","                },","                connectTo   : {","                    enumerable:true,","                    writable:false,","                    value:connect","                },","                connectToNet: {","                    enumerable:true,","                    writable:false,","                    value:connectNet","                },","                disconnect  : {","                    enumerable:true,","                    writable:false,","                    value:disconnect","                },","                serve       : {","                    enumerable:true,","                    writable:false,","                    value:serve","                },","                serveNet    : {","                    enumerable:true,","                    writable:false,","                    value:serveNet","                },","                of          : {","                    enumerable:true,","                    writable:true,","                    value:{}","                },","                server      : {","                    enumerable:true,","                    writable:true,","                    configurable:true,","                    value:false","                },","                log         : {","                    enumerable:true,","                    writable:false,","                    value:log","                }","            }","        );","    }","}","","function log(){","    if(this.config.silent){","        return;","    }","","    const args=Array.prototype.slice.call(arguments);","","    for(let i=0, count=args.length; i<count; i++){","        if(typeof args[i] != 'object'){","            continue;","        }","","        args[i]=util.inspect(","            args[i],","            {","                depth:this.config.logDepth,","                colors:this.config.logInColor","            }","        );","    }","","    console.log(","        args.join(' ')","    );","}","","function disconnect(id){","    if(!this.of[id]){","        return;","    }","","    this.of[id].explicitlyDisconnected=true;","","    this.of[id].off('*','*');","    if(this.of[id].socket){","        if(this.of[id].socket.destroy){","            this.of[id].socket.destroy();","        }","    }","","    delete this.of[id];","}","","function serve(path,callback){","    if(typeof path=='function'){","        callback=path;","        path=false;","    }","    if(!path){","        this.log(","            'Server path not specified, so defaulting to'.notice,","            'ipc.config.socketRoot + ipc.config.appspace + ipc.config.id'.variable,","            (this.config.socketRoot+this.config.appspace+this.config.id).data","        );","        path=this.config.socketRoot+this.config.appspace+this.config.id;","    }","","    if(!callback){","        callback=emptyCallback;","    }","","    this.server=new Server(","        path,","        this.config,","        log","    );","","    this.server.on(","        'start',","        callback","    );","}","","function emptyCallback(){","    //Do Nothing","}","","function serveNet(host,port,UDPType,callback){","    if(typeof host=='number'){","        callback=UDPType;","        UDPType=port;","        port=host;","        host=false;","    }","    if(typeof host=='function'){","        callback=host;","        UDPType=false;","        host=false;","        port=false;","    }","    if(!host){","        this.log(","            'Server host not specified, so defaulting to'.notice,","            'ipc.config.networkHost'.variable,","            this.config.networkHost.data","        );","        host=this.config.networkHost;","    }","    if(host.toLowerCase()=='udp4' || host.toLowerCase()=='udp6'){","        callback=port;","        UDPType=host.toLowerCase();","        port=false;","        host=this.config.networkHost;","    }","","    if(typeof port=='string'){","        callback=UDPType;","        UDPType=port;","        port=false;","    }","    if(typeof port=='function'){","        callback=port;","        UDPType=false;","        port=false;","    }","    if(!port){","        this.log(","            'Server port not specified, so defaulting to'.notice,","            'ipc.config.networkPort'.variable,","            this.config.networkPort","        );","        port=this.config.networkPort;","    }","","    if(typeof UDPType=='function'){","        callback=UDPType;","        UDPType=false;","    }","","    if(!callback){","        callback=emptyCallback;","    }","","    this.server=new Server(","        host,","        this.config,","        log,","        port","    );","","    if(UDPType){","        this.server[UDPType]=true;","        if(UDPType === \"udp4\" && host === \"::1\") {","            // bind udp4 socket to an ipv4 address","            this.server.path = \"127.0.0.1\";","        }","    }","","    this.server.on(","        'start',","        callback","    );","}","","function connect(id,path,callback){","    if(typeof path == 'function'){","        callback=path;","        path=false;","    }","","    if(!callback){","        callback=emptyCallback;","    }","","    if(!id){","        this.log(","            'Service id required'.warn,","            'Requested service connection without specifying service id. Aborting connection attempt'.notice","        );","        return;","    }","","    if(!path){","        this.log(","            'Service path not specified, so defaulting to'.notice,","            'ipc.config.socketRoot + ipc.config.appspace + id'.variable,","            (this.config.socketRoot+this.config.appspace+id).data","        );","        path=this.config.socketRoot+this.config.appspace+id;","    }","","    if(this.of[id]){","        if(!this.of[id].socket.destroyed){","            this.log(","                'Already Connected to'.notice,","                id.variable,","                '- So executing success without connection'.notice","            );","            callback();","            return;","        }","        this.of[id].socket.destroy();","    }","","    this.of[id] = new Client(this.config,this.log);","    this.of[id].id = id;","    this.of[id].path = path;","","    this.of[id].connect();","","    callback(this);","}","","function connectNet(id,host,port,callback){","    if(!id){","        this.log(","            'Service id required'.warn,","            'Requested service connection without specifying service id. Aborting connection attempt'.notice","        );","        return;","    }","    if(typeof host=='number'){","        callback=port;","        port=host;","        host=false;","    }","    if(typeof host=='function'){","        callback=host;","        host=false;","        port=false;","    }","    if(!host){","        this.log(","            'Server host not specified, so defaulting to'.notice,","            'ipc.config.networkHost'.variable,","            this.config.networkHost.data","        );","        host=this.config.networkHost;","    }","","    if(typeof port=='function'){","        callback=port;","        port=false;","    }","    if(!port){","        this.log(","            'Server port not specified, so defaulting to'.notice,","            'ipc.config.networkPort'.variable,","            this.config.networkPort","        );","        port=this.config.networkPort;","    }","","    if(typeof callback == 'string'){","        UDPType=callback;","        callback=false;","    }","    if(!callback){","        callback=emptyCallback;","    }","","    if(this.of[id]){","        if(!this.of[id].socket.destroyed){","            this.log(","                'Already Connected to'.notice,","                id.variable,","                '- So executing success without connection'.notice","            );","            callback();","            return;","        }","        this.of[id].socket.destroy();","    }","","    this.of[id] = new Client(this.config,this.log);","    this.of[id].id = id;","    this.of[id].path = host;","    this.of[id].port = port;","","    this.of[id].connect();","","    callback(this);","}","","module.exports=IPC;",""],"l":{"3":1,"10":1,"64":1,"65":0,"66":0,"69":0,"71":0,"72":0,"73":0,"76":0,"85":0,"90":1,"91":0,"92":0,"95":0,"97":0,"98":0,"99":0,"100":0,"104":0,"107":1,"108":0,"109":0,"110":0,"112":0,"113":0,"118":0,"121":0,"122":0,"125":0,"131":0,"137":1,"141":1,"142":0,"143":0,"144":0,"145":0,"146":0,"148":0,"149":0,"150":0,"151":0,"152":0,"154":0,"155":0,"160":0,"162":0,"163":0,"164":0,"165":0,"166":0,"169":0,"170":0,"171":0,"172":0,"174":0,"175":0,"176":0,"177":0,"179":0,"180":0,"185":0,"188":0,"189":0,"190":0,"193":0,"194":0,"197":0,"204":0,"205":0,"206":0,"208":0,"212":0,"218":1,"219":0,"220":0,"221":0,"224":0,"225":0,"228":0,"229":0,"233":0,"236":0,"237":0,"242":0,"245":0,"246":0,"247":0,"252":0,"253":0,"255":0,"258":0,"259":0,"260":0,"262":0,"264":0,"267":1,"268":0,"269":0,"273":0,"275":0,"276":0,"277":0,"278":0,"280":0,"281":0,"282":0,"283":0,"285":0,"286":0,"291":0,"294":0,"295":0,"296":0,"298":0,"299":0,"304":0,"307":0,"308":0,"309":0,"311":0,"312":0,"315":0,"316":0,"317":0,"322":0,"323":0,"325":0,"328":0,"329":0,"330":0,"331":0,"333":0,"335":0,"338":1}},"/home/travis/build/npmtest/node-npmtest-node-ipc/node_modules/node-ipc/entities/Defaults.js":{"path":"/home/travis/build/npmtest/node-npmtest-node-ipc/node_modules/node-ipc/entities/Defaults.js","s":{"1":1,"2":3,"3":3,"4":3,"5":3,"6":3,"7":3,"8":3,"9":3,"10":3,"11":3,"12":3,"13":3,"14":3,"15":3,"16":3,"17":3,"18":3,"19":3,"20":3,"21":1,"22":3,"23":3,"24":3,"25":0,"26":3,"27":1},"b":{"1":[0,3],"2":[0,3],"3":[3,3,0]},"f":{"1":3,"2":3},"fnMap":{"1":{"name":"(anonymous_1)","line":22,"loc":{"start":{"line":22,"column":15},"end":{"line":22,"column":17}}},"2":{"name":"getIPType","line":64,"loc":{"start":{"line":64,"column":0},"end":{"line":64,"column":21}}}},"statementMap":{"1":{"start":{"line":9,"column":0},"end":{"line":9,"column":25}},"2":{"start":{"line":24,"column":8},"end":{"line":24,"column":29}},"3":{"start":{"line":25,"column":8},"end":{"line":25,"column":32}},"4":{"start":{"line":26,"column":8},"end":{"line":26,"column":30}},"5":{"start":{"line":28,"column":8},"end":{"line":28,"column":29}},"6":{"start":{"line":29,"column":8},"end":{"line":29,"column":29}},"7":{"start":{"line":30,"column":8},"end":{"line":30,"column":24}},"8":{"start":{"line":32,"column":8},"end":{"line":32,"column":28}},"9":{"start":{"line":34,"column":8},"end":{"line":34,"column":26}},"10":{"start":{"line":35,"column":8},"end":{"line":35,"column":24}},"11":{"start":{"line":36,"column":8},"end":{"line":36,"column":29}},"12":{"start":{"line":38,"column":8},"end":{"line":38,"column":32}},"13":{"start":{"line":39,"column":8},"end":{"line":39,"column":23}},"14":{"start":{"line":40,"column":8},"end":{"line":40,"column":33}},"15":{"start":{"line":41,"column":8},"end":{"line":41,"column":32}},"16":{"start":{"line":43,"column":8},"end":{"line":43,"column":32}},"17":{"start":{"line":44,"column":8}
[...]
":377,"column":4},"end":{"line":377,"column":55}},"155":{"start":{"line":378,"column":4},"end":{"line":395,"column":6}},"156":{"start":{"line":385,"column":12},"end":{"line":393,"column":13}},"157":{"start":{"line":386,"column":16},"end":{"line":386,"column":61}},"158":{"start":{"line":387,"column":16},"end":{"line":392,"column":18}},"159":{"start":{"line":390,"column":24},"end":{"line":390,"column":50}},"160":{"start":{"line":398,"column":0},"end":{"line":398,"column":22}}},"branchMap":{"1":{"line":11,"type":"if","locations":[{"start":{"line":11,"column":0},"end":{"line":11,"column":0}},{"start":{"line":11,"column":0},"end":{"line":11,"column":0}}]},"2":{"line":56,"type":"if","locations":[{"start":{"line":56,"column":8},"end":{"line":56,"column":8}},{"start":{"line":56,"column":8},"end":{"line":56,"column":8}}]},"3":{"line":75,"type":"if","locations":[{"start":{"line":75,"column":4},"end":{"line":75,"column":4}},{"start":{"line":75,"column":4},"end":{"line":75,"column":4}}]},"4":{"line":82,"type":"if","locations":[{"start":{"line":82,"column":4},"end":{"line":82,"column":4}},{"start":{"line":82,"column":4},"end":{"line":82,"column":4}}]},"5":{"line":82,"type":"binary-expr","locations":[{"start":{"line":82,"column":7},"end":{"line":82,"column":16}},{"start":{"line":82,"column":20},"end":{"line":82,"column":29}}]},"6":{"line":84,"type":"if","locations":[{"start":{"line":84,"column":8},"end":{"line":84,"column":8}},{"start":{"line":84,"column":8},"end":{"line":84,"column":8}}]},"7":{"line":84,"type":"binary-expr","locations":[{"start":{"line":84,"column":11},"end":{"line":84,"column":26}},{"start":{"line":84,"column":30},"end":{"line":84,"column":42}}]},"8":{"line":101,"type":"cond-expr","locations":[{"start":{"line":101,"column":100},"end":{"line":101,"column":109}},{"start":{"line":101,"column":110},"end":{"line":101,"column":112}}]},"9":{"line":106,"type":"if","locations":[{"start":{"line":106,"column":4},"end":{"line":106,"column":4}},{"start":{"line":106,"column":4},"end":{"line":106,"column":4}}]},"10":{"line":112,"type":"if","locations":[{"start":{"line":112,"column":4},"end":{"line":112,"column":4}},{"start":{"line":112,"column":4},"end":{"line":112,"column":4}}]},"11":{"line":112,"type":"binary-expr","locations":[{"start":{"line":112,"column":7},"end":{"line":112,"column":16}},{"start":{"line":112,"column":20},"end":{"line":112,"column":29}}]},"12":{"line":128,"type":"if","locations":[{"start":{"line":128,"column":8},"end":{"line":128,"column":8}},{"start":{"line":128,"column":8},"end":{"line":128,"column":8}}]},"13":{"line":129,"type":"if","locations":[{"start":{"line":129,"column":12},"end":{"line":129,"column":12}},{"start":{"line":129,"column":12},"end":{"line":129,"column":12}}]},"14":{"line":134,"type":"if","locations":[{"start":{"line":134,"column":8},"end":{"line":134,"column":8}},{"start":{"line":134,"column":8},"end":{"line":134,"column":8}}]},"15":{"line":140,"type":"if","locations":[{"start":{"line":140,"column":8},"end":{"line":140,"column":8}},{"start":{"line":140,"column":8},"end":{"line":140,"column":8}}]},"16":{"line":140,"type":"binary-expr","locations":[{"start":{"line":140,"column":11},"end":{"line":140,"column":17}},{"start":{"line":140,"column":21},"end":{"line":140,"column":35}}]},"17":{"line":153,"type":"cond-expr","locations":[{"start":{"line":153,"column":40},"end":{"line":153,"column":49}},{"start":{"line":153,"column":52},"end":{"line":153,"column":58}}]},"18":{"line":153,"type":"binary-expr","locations":[{"start":{"line":153,"column":15},"end":{"line":153,"column":24}},{"start":{"line":153,"column":28},"end":{"line":153,"column":37}}]},"19":{"line":154,"type":"if","locations":[{"start":{"line":154,"column":4},"end":{"line":154,"column":4}},{"start":{"line":154,"column":4},"end":{"line":154,"column":4}}]},"20":{"line":164,"type":"if","locations":[{"start":{"line":164,"column":4},"end":{"line":164,"column":4}},{"start":{"line":164,"column":4},"end":{"line":164,"column":4}}]},"21":{"line":170,"type":"if","locations":[{"start":{"line":170,"column":4},"end":{"line":170,"column":4}},{"start":{"line":170,"column":4},"end":{"line":170,"column":4}}]},"22":{"line":170,"type":"binary-expr","locations":[{"start":{"line":170,"column":7},"end":{"line":170,"column":44}},{"start":{"line":170,"column":48},"end":{"line":170,"column":89}}]},"23":{"line":184,"type":"if","locations":[{"start":{"line":184,"column":8},"end":{"line":184,"column":8}},{"start":{"line":184,"column":8},"end":{"line":184,"column":8}}]},"24":{"line":184,"type":"binary-expr","locations":[{"start":{"line":184,"column":12},"end":{"line":184,"column":24}},{"start":{"line":184,"column":28},"end":{"line":184,"column":43}}]},"25":{"line":208,"type":"if","locations":[{"start":{"line":208,"column":4},"end":{"line":208,"column":4}},{"start":{"line":208,"column":4},"end":{"line":208,"column":4}}]},"26":{"line":235,"type":"if","locations":[{"start":{"line":235,"column":12},"end":{"line":235,"column":12}},{"start":{"line":235,"column":12},"end":{"line":235,"column":12}}]},"27":{"line":242,"type":"if","locations":[{"start":{"line":242,"column":12},"end":{"line":242,"column":12}},{"start":{"line":242,"column":12},"end":{"line":242,"column":12}}]},"28":{"line":256,"type":"if","locations":[{"start":{"line":256,"column":4},"end":{"line":256,"column":4}},{"start":{"line":256,"column":4},"end":{"line":256,"column":4}}]},"29":{"line":264,"type":"cond-expr","locations":[{"start":{"line":264,"column":21},"end":{"line":264,"column":36}},{"start":{"line":264,"column":37},"end":{"line":264,"column":39}}]},"30":{"line":267,"type":"if","locations":[{"start":{"line":267,"column":4},"end":{"line":267,"column":4}},{"start":{"line":267,"column":4},"end":{"line":267,"column":4}}]},"31":{"line":267,"type":"binary-expr","locations":[{"start":{"line":267,"column":7},"end":{"line":267,"column":17}},{"start":{"line":267,"column":21},"end":{"line":267,"column":31}}]},"32":{"line":269,"type":"if","locations":[{"start":{"line":269,"column":8},"end":{"line":269,"column":8}},{"start":{"line":269,"column":8},"end":{"line":269,"column":8}}]},"33":{"line":278,"type":"cond-expr","locations":[{"start":{"line":278,"column":26},"end":{"line":278,"column":32}},{"start":{"line":278,"column":33},"end":{"line":278,"column":39}}]},"34":{"line":303,"type":"if","locations":[{"start":{"line":303,"column":4},"end":{"line":303,"column":4}},{"start":{"line":303,"column":4},"end":{"line":303,"column":4}}]},"35":{"line":305,"type":"if","locations":[{"start":{"line":305,"column":8},"end":{"line":305,"column":8}},{"start":{"line":305,"column":8},"end":{"line":305,"column":8}}]},"36":{"line":319,"type":"if","locations":[{"start":{"line":319,"column":4},"end":{"line":319,"column":4}},{"start":{"line":319,"column":4},"end":{"line":319,"column":4}}]},"37":{"line":319,"type":"binary-expr","locations":[{"start":{"line":319,"column":7},"end":{"line":319,"column":17}},{"start":{"line":319,"column":21},"end":{"line":319,"column":31}}]},"38":{"line":320,"type":"cond-expr","locations":[{"start":{"line":320,"column":56},"end":{"line":320,"column":61}},{"start":{"line":320,"column":62},"end":{"line":320,"column":67}}]},"39":{"line":329,"type":"cond-expr","locations":[{"start":{"line":329,"column":48},"end":{"line":329,"column":54}},{"start":{"line":329,"column":55},"end":{"line":329,"column":61}}]},"40":{"line":346,"type":"if","locations":[{"start":{"line":346,"column":4},"end":{"line":346,"column":4}},{"start":{"line":346,"column":4},"end":{"line":346,"column":4}}]},"41":{"line":351,"type":"if","locations":[{"start":{"line":351,"column":4},"end":{"line":351,"column":4}},{"start":{"line":351,"column":4},"end":{"line":351,"column":4}}]},"42":{"line":356,"type":"if","locations":[{"start":{"line":356,"column":4},"end":{"line":356,"column":4}},{"start":{"line":356,"column":4},"end":{"line":356,"column":4}}]},"43":{"line":359,"type":"if","locations":[{"start":{"line":359,"column":4},"end":{"line":359,"column":4}},{"start":{"line":359,"column":4},"end":{"line":359,"column":4}}]},"44":{"line":360,"type":"if","locations":[{"start":{"line":360,"column":8},"end":{"line":360,"column":8}},{"start":{"line":360,"column":8},"end":{"line":360,"column":8}}]},"45":{"line":385,"type":"if","locations":[{"start":{"line":385,"column":12},"end":{"line":385,"column":12}},{"start":{"line":385,"column":12},"end":{"line":385,"column":12}}]}},"code":["'use strict';","","const net = require('net'),","    tls = require('tls'),","    fs = require('fs'),","    dgram = require('dgram'),","    EventParser = require('../entities/EventParser.js'),","    Message = require('js-message');","","let Events = require('event-pubsub/es5');","if(process.version[1]>4){","    Events = require('event-pubsub');","}","","let eventParser = new EventParser();","","class Server extends Events{","    constructor(path,config,log,port){","        super();","        Object.assign(","            this,","            {","                config          : config,","                path            : path,","                port            : port,","                udp4            : false,","                udp6            : false,","                log             : log,","                server          : false,","                sockets         : [],","                emit            : emit,","                broadcast       : broadcast","            }","        );","","        eventParser=new EventParser(this.config);","","        this.on(","            'close',","            serverClosed.bind(this)","        );","    }","","    onStart(socket){","        this.trigger(","            'start',","            socket","        );","    }","","    stop(){","        this.server.close();","    }","","    start(){","        if(!this.path){","            this.log('Socket Server Path not specified, refusing to start');","            return;","        }","","        fs.unlink(","            this.path,","            startServer.bind(this)","        );","    }","}","","function emit(socket, type, data){","    this.log('dispatching event to socket', ' : ', type, data);","","    let message=new Message;","    message.type=type;","    message.data=data;","","    if(this.config.rawBuffer){","        this.log(this.config.encoding)","        message=new Buffer(type,this.config.encoding);","    }else{","        message=eventParser.format(message);","    }","","    if(this.udp4 || this.udp6){","","        if(!socket.address || !socket.port){","            this.log('Attempting to emit to a single UDP socket without supplying socket address or port. Redispatching event as broadcast to all connected sockets');","            this.broadcast(type,data);","            return;","        }","","        this.server.write(","            message,","            socket","        );","        return;","    }","","    socket.write(message);","}","","function broadcast(type,data){","    this.log('broadcasting event to all known sockets listening to ', this.path,' : ', ((this.port)?this.port:''), type, data);","    let message=new Message;","    message.type=type;","    message.data=data;","","    if(this.config.rawBuffer){","        message=new Buffer(type,this.config.encoding);","    }else{","        message=eventParser.format(message);","    }","","    if(this.udp4 || this.udp6){","        for(let i=1, count=this.sockets.length; i<count; i++){","            this.server.write(message,this.sockets[i]);","        }","    }else{","        for(let i=0, count=this.sockets.length; i<count; i++){","            this.sockets[i].write(message);","        }","    }","}","","function serverClosed(){","    for(let i=0, count=this.sockets.length; i<count; i++){","        let socket=this.sockets[i];","        let destroyedSocketId=false;","","        if(socket){","            if(socket.readable){","                continue;","            }","        }","","        if(socket.id){","            destroyedSocketId=socket.id;","        }","","        this.log('socket disconnected',destroyedSocketId.toString());","","        if(socket && socket.destroy){","            socket.destroy();","        }","","        this.sockets.splice(i,1);","","        this.publish('socket.disconnected', socket, destroyedSocketId);","","        return;","    }","}","","function gotData(socket,data,UDPSocket){","    let sock=((this.udp4 || this.udp6)? UDPSocket : socket);","    if(this.config.rawBuffer){","        data=new Buffer(data,this.config.encoding);","        this.publish(","            'data',","            data,","            sock","        );","        return;","    }","","    if(!this.ipcBuffer){","        this.ipcBuffer='';","    }","","    data=(this.ipcBuffer+=data);","","    if(data.slice(-1)!=eventParser.delimiter || data.indexOf(eventParser.delimiter) == -1){","        this.log('Messages are large, You may want to consider smaller messages.');","        return;","    }","","    this.ipcBuffer='';","","    data=eventParser.parse(data);","","    while(data.length>0){","        let message=new Message;","        message.load(data.shift());","","        // Only set the sock id if it is specified.","        if (message.data && message.data.id){","            sock.id=message.data.id;","        }","","        this.log('received event of : ',message.type,message.data);","","        this.publish(","            message.type,","            message.data,","            sock","        );","    }","}","","function socketClosed(socket){","    this.publish(","        'close',","        socket","    );","}","","function serverCreated(socket) {","    this.sockets.push(socket);","","    if(socket.setEncoding){","        socket.setEncoding(this.config.encoding);","    }","","    this.log('## socket connection to server detected ##');","    socket.on(","        'close',","        socketClosed.bind(this)","    );","","    socket.on(","        'error',","        function(err){","            this.log('server socket error',err);","","            this.publish('error',err);","        }.bind(this)","    );","","    socket.on(","        'data',","        gotData.bind(this,socket)","    );","","    socket.on(","        'message',","        function(msg,rinfo) {","            if (!rinfo){","                return;","            }","","            this.log('Received UDP message from ', rinfo.address, rinfo.port);","            let data;","","            if(this.config.rawSocket){","                data=new Buffer(msg,this.config.encoding);","            }else{","                data=msg.toString();","            }","            socket.emit('data',data,rinfo);","        }.bind(this)","    );","","    this.publish(","        'connect',","        socket","    );","","    if(this.config.rawBuffer){","        return;","    }","}","","function startServer() {","    this.log(","        'starting server on ',this.path,","        ((this.port)?`:${this.port}`:'')","    );","","    if(!this.udp4 && !this.udp6){","        this.log('starting TLS server',this.config.tls);","        if(!this.config.tls){","            this.server=net.createServer(","                serverCreated.bind(this)","            );","        }else{","            startTLSServer.bind(this)();","        }","    }else{","        this.server=dgram.createSocket(","            ((this.udp4)? 'udp4':'udp6')","        );","        this.server.write=UDPWrite.bind(this);","        this.server.on(","            'listening',","            function UDPServerStarted() {","                serverCreated.bind(this)(this.server);","            }.bind(this)","        );","    }","","    this.server.on(","        'error',","        function(err){","            this.log('server error',err);","","            this.publish(","                'error',","                err","            );","        }","    );","","    this.server.maxConnections=this.config.maxConnections;","","    if(!this.port){","        this.log('starting server as', 'Unix || Windows Socket');","        if (process.platform ==='win32'){","            this.path = this.path.replace(/^\\//, '');","            this.path = this.path.replace(/\\//g, '-');","            this.path= `\\\\\\\\.\\\\pipe\\\\${this.path}`;","        }","","        this.server.listen(","            this.path,","            this.onStart.bind(this)","        );","","        return;","    }","","    if(!this.udp4 && !this.udp6){","        this.log('starting server as', (this.config.tls?'TLS':'TCP'));","        this.server.listen(","            this.port,","            this.path,","            this.onStart.bind(this)","        );","        return;","    }","","    this.log('starting server as',((this.udp4)? 'udp4':'udp6'));","","    this.server.bind(","        this.port,","        this.path","    );","","    this.onStart(","        {","            address : this.path,","            port    : this.port","        }","    );","}","","function startTLSServer(){","    this.log('starting TLS server',this.config.tls);","    if(this.config.tls.private){","        this.config.tls.key=fs.readFileSync(this.config.tls.private);","    }else{","        this.config.tls.key=fs.readFileSync(`${__dirname}/../local-node-ipc-certs/private/server.key`);","    }","    if(this.config.tls.public){","        this.config.tls.cert=fs.readFileSync(this.config.tls.public);","    }else{","        this.config.tls.cert=fs.readFileSync(`${__dirname}/../local-node-ipc-certs/server.pub`);","    }","    if(this.config.tls.dhparam){","        this.config.tls.dhparam=fs.readFileSync(this.config.tls.dhparam);","    }","    if(this.config.tls.trustedConnections){","        if(typeof this.config.tls.trustedConnections === 'string'){","            this.config.tls.trustedConnections=[this.config.tls.trustedConnections];","        }","        this.config.tls.ca=[];","        for(let i=0; i<this.config.tls.trustedConnections.length; i++){","            this.config.tls.ca.push(","                fs.readFileSync(this.config.tls.trustedConnections[i])","            );","        }","    }","    this.server=tls.createServer(","        this.config.tls,","        serverCreated.bind(this)","    );","}","","function UDPWrite(message,socket){","    let data=new Buffer(message, this.config.encoding);","    this.server.send(","        data,","        0,","        data.length,","        socket.port,","        socket.address,","        function(err, bytes) {","            if(err){","                this.log('error writing data to socket',err);","                this.publish(","                    'error',","                    function(err){","                        this.publish('error',err);","                    }","                );","            }","        }","    );","}","","module.exports=Server;",""],"l":{"3":1,"10":1,"11":1,"12":1,"15":1,"19":0,"20":0,"36":0,"38":0,"45":0,"52":0,"56":0,"57":0,"58":0,"61":0,"68":1,"69":0,"71":0,"72":0,"73":0,"75":0,"76":0,"77":0,"79":0,"82":0,"84":0,"85":0,"86":0,"87":0,"90":0,"94":0,"97":0,"100":1,"101":0,"102":0,"103":0,"104":0,"106":0,"107":0,"109":0,"112":0,"113":0,"114":0,"117":0,"118":0,"123":1,"124":0,"125":0,"126":0,"128":0,"129":0,"130":0,"134":0,"135":0,"138":0,"140":0,"141":0,"144":0,"146":0,"148":0,"152":1,"153":0,"154":0,"155":0,"156":0,"161":0,"164":0,"165":0,"168":0,"170":0,"171":0,"172":0,"175":0,"177":0,"179":0,"180":0,"181":0,"184":0,"185":0,"188":0,"190":0,"198":1,"199":0,"205":1,"206":0,"208":0,"209":0,"212":0,"213":0,"218":0,"221":0,"223":0,"227":0,"232":0,"235":0,"236":0,"239":0,"240":0,"242":0,"243":0,"245":0,"247":0,"251":0,"256":0,"257":0,"261":1,"262":0,"267":0,"268":0,"269":0,"270":0,"274":0,"277":0,"280":0,"281":0,"284":0,"289":0,"292":0,"294":0,"301":0,"303":0,"304":0,"305":0,"306":0,"307":0,"308":0,"311":0,"316":0,"319":0,"320":0,"321":0,"326":0,"329":0,"331":0,"336":0,"344":1,"345":0,"346":0,"347":0,"349":0,"351":0,"352":0,"354":0,"356":0,"357":0,"359":0,"360":0,"361":0,"363":0,"364":0,"365":0,"370":0,"376":1,"377":0,"378":0,"385":0,"386":0,"387":0,"390":0,"398":1}}}